[0.011s] Invoking command in '/home/kyujin/ros2_study/build/my_first_package_msgs': CMAKE_PREFIX_PATH=${CMAKE_PREFIX_PATH}:/home/kyujin/ros2_study/install/my_first_package:/opt/ros/humble /usr/bin/cmake --build /home/kyujin/ros2_study/build/my_first_package_msgs -- -j12 -l12
[0.135s] [  2%] Built target my_first_package_msgs__cpp
[0.137s] [ 12%] Built target my_first_package_msgs__rosidl_generator_c
[0.169s] [ 23%] Built target my_first_package_msgs__rosidl_typesupport_introspection_cpp
[0.170s] [ 23%] Built target ament_cmake_python_copy_my_first_package_msgs
[0.171s] [ 34%] Built target my_first_package_msgs__rosidl_typesupport_fastrtps_cpp
[0.172s] [ 53%] Built target my_first_package_msgs__rosidl_typesupport_introspection_c
[0.172s] [ 55%] Built target my_first_package_msgs__rosidl_typesupport_cpp
[0.173s] [ 65%] Built target my_first_package_msgs__rosidl_typesupport_c
[0.174s] [ 76%] Built target my_first_package_msgs__rosidl_typesupport_fastrtps_c
[0.196s] [ 76%] Built target my_first_package_msgs
[0.219s] [ 78%] Built target my_first_package_msgs__py
[0.245s] [ 87%] Built target my_first_package_msgs__rosidl_generator_py
[0.272s] [ 95%] Built target my_first_package_msgs__rosidl_typesupport_introspection_c__pyext
[0.272s] [ 95%] Built target my_first_package_msgs__rosidl_typesupport_fastrtps_c__pyext
[0.274s] [100%] Built target my_first_package_msgs__rosidl_typesupport_c__pyext
[0.444s] running egg_info
[0.445s] writing my_first_package_msgs.egg-info/PKG-INFO
[0.446s] writing dependency_links to my_first_package_msgs.egg-info/dependency_links.txt
[0.446s] writing top-level names to my_first_package_msgs.egg-info/top_level.txt
[0.450s] reading manifest file 'my_first_package_msgs.egg-info/SOURCES.txt'
[0.451s] writing manifest file 'my_first_package_msgs.egg-info/SOURCES.txt'
[0.486s] [100%] Built target ament_cmake_python_build_my_first_package_msgs_egg
[0.501s] Invoked command in '/home/kyujin/ros2_study/build/my_first_package_msgs' returned '0': CMAKE_PREFIX_PATH=${CMAKE_PREFIX_PATH}:/home/kyujin/ros2_study/install/my_first_package:/opt/ros/humble /usr/bin/cmake --build /home/kyujin/ros2_study/build/my_first_package_msgs -- -j12 -l12
[0.514s] Invoking command in '/home/kyujin/ros2_study/build/my_first_package_msgs': CMAKE_PREFIX_PATH=${CMAKE_PREFIX_PATH}:/home/kyujin/ros2_study/install/my_first_package:/opt/ros/humble /usr/bin/cmake --install /home/kyujin/ros2_study/build/my_first_package_msgs
[0.523s] -- Install configuration: ""
[0.523s] -- Up-to-date: /home/kyujin/ros2_study/install/my_first_package_msgs/share/ament_index/resource_index/rosidl_interfaces/my_first_package_msgs
[0.524s] -- Up-to-date: /home/kyujin/ros2_study/install/my_first_package_msgs/include/my_first_package_msgs/my_first_package_msgs
[0.524s] -- Up-to-date: /home/kyujin/ros2_study/install/my_first_package_msgs/include/my_first_package_msgs/my_first_package_msgs/action
[0.525s] -- Up-to-date: /home/kyujin/ros2_study/install/my_first_package_msgs/include/my_first_package_msgs/my_first_package_msgs/action/detail
[0.525s] -- Up-to-date: /home/kyujin/ros2_study/install/my_first_package_msgs/include/my_first_package_msgs/my_first_package_msgs/action/detail/dist_turtle__functions.h
[0.525s] -- Up-to-date: /home/kyujin/ros2_study/install/my_first_package_msgs/include/my_first_package_msgs/my_first_package_msgs/action/detail/dist_turtle__functions.c
[0.526s] -- Up-to-date: /home/kyujin/ros2_study/install/my_first_package_msgs/include/my_first_package_msgs/my_first_package_msgs/action/detail/dist_turtle__struct.h
[0.526s] -- Up-to-date: /home/kyujin/ros2_study/install/my_first_package_msgs/include/my_first_package_msgs/my_first_package_msgs/action/detail/dist_turtle__type_support.h
[0.526s] -- Up-to-date: /home/kyujin/ros2_study/install/my_first_package_msgs/include/my_first_package_msgs/my_first_package_msgs/action/dist_turtle.h
[0.526s] -- Up-to-date: /home/kyujin/ros2_study/install/my_first_package_msgs/include/my_first_package_msgs/my_first_package_msgs/msg
[0.526s] -- Up-to-date: /home/kyujin/ros2_study/install/my_first_package_msgs/include/my_first_package_msgs/my_first_package_msgs/msg/detail
[0.527s] -- Up-to-date: /home/kyujin/ros2_study/install/my_first_package_msgs/include/my_first_package_msgs/my_first_package_msgs/msg/detail/cmd_and_pose_vel__type_support.h
[0.527s] -- Up-to-date: /home/kyujin/ros2_study/install/my_first_package_msgs/include/my_first_package_msgs/my_first_package_msgs/msg/detail/cmd_and_pose_vel__functions.c
[0.527s] -- Up-to-date: /home/kyujin/ros2_study/install/my_first_package_msgs/include/my_first_package_msgs/my_first_package_msgs/msg/detail/cmd_and_pose_vel__struct.h
[0.527s] -- Up-to-date: /home/kyujin/ros2_study/install/my_first_package_msgs/include/my_first_package_msgs/my_first_package_msgs/msg/detail/cmd_and_pose_vel__functions.h
[0.527s] -- Up-to-date: /home/kyujin/ros2_study/install/my_first_package_msgs/include/my_first_package_msgs/my_first_package_msgs/msg/cmd_and_pose_vel.h
[0.527s] -- Up-to-date: /home/kyujin/ros2_study/install/my_first_package_msgs/include/my_first_package_msgs/my_first_package_msgs/msg/rosidl_generator_c__visibility_control.h
[0.528s] -- Up-to-date: /home/kyujin/ros2_study/install/my_first_package_msgs/include/my_first_package_msgs/my_first_package_msgs/srv
[0.528s] -- Up-to-date: /home/kyujin/ros2_study/install/my_first_package_msgs/include/my_first_package_msgs/my_first_package_msgs/srv/multi_spawn.h
[0.528s] -- Up-to-date: /home/kyujin/ros2_study/install/my_first_package_msgs/include/my_first_package_msgs/my_first_package_msgs/srv/detail
[0.528s] -- Up-to-date: /home/kyujin/ros2_study/install/my_first_package_msgs/include/my_first_package_msgs/my_first_package_msgs/srv/detail/multi_spawn__type_support.h
[0.528s] -- Up-to-date: /home/kyujin/ros2_study/install/my_first_package_msgs/include/my_first_package_msgs/my_first_package_msgs/srv/detail/multi_spawn__functions.c
[0.528s] -- Up-to-date: /home/kyujin/ros2_study/install/my_first_package_msgs/include/my_first_package_msgs/my_first_package_msgs/srv/detail/multi_spawn__struct.h
[0.528s] -- Up-to-date: /home/kyujin/ros2_study/install/my_first_package_msgs/include/my_first_package_msgs/my_first_package_msgs/srv/detail/multi_spawn__functions.h
[0.529s] -- Up-to-date: /home/kyujin/ros2_study/install/my_first_package_msgs/share/my_first_package_msgs/environment/library_path.sh
[0.529s] -- Up-to-date: /home/kyujin/ros2_study/install/my_first_package_msgs/share/my_first_package_msgs/environment/library_path.dsv
[0.529s] -- Up-to-date: /home/kyujin/ros2_study/install/my_first_package_msgs/lib/libmy_first_package_msgs__rosidl_generator_c.so
[0.529s] -- Up-to-date: /home/kyujin/ros2_study/install/my_first_package_msgs/include/my_first_package_msgs/my_first_package_msgs
[0.530s] -- Up-to-date: /home/kyujin/ros2_study/install/my_first_package_msgs/include/my_first_package_msgs/my_first_package_msgs/action
[0.530s] -- Up-to-date: /home/kyujin/ros2_study/install/my_first_package_msgs/include/my_first_package_msgs/my_first_package_msgs/action/detail
[0.530s] -- Up-to-date: /home/kyujin/ros2_study/install/my_first_package_msgs/include/my_first_package_msgs/my_first_package_msgs/action/detail/dist_turtle__rosidl_typesupport_fastrtps_c.h
[0.531s] -- Up-to-date: /home/kyujin/ros2_study/install/my_first_package_msgs/include/my_first_package_msgs/my_first_package_msgs/msg
[0.531s] -- Up-to-date: /home/kyujin/ros2_study/install/my_first_package_msgs/include/my_first_package_msgs/my_first_package_msgs/msg/detail
[0.531s] -- Up-to-date: /home/kyujin/ros2_study/install/my_first_package_msgs/include/my_first_package_msgs/my_first_package_msgs/msg/detail/cmd_and_pose_vel__rosidl_typesupport_fastrtps_c.h
[0.531s] -- Up-to-date: /home/kyujin/ros2_study/install/my_first_package_msgs/include/my_first_package_msgs/my_first_package_msgs/msg/rosidl_typesupport_fastrtps_c__visibility_control.h
[0.531s] -- Up-to-date: /home/kyujin/ros2_study/install/my_first_package_msgs/include/my_first_package_msgs/my_first_package_msgs/srv
[0.532s] -- Up-to-date: /home/kyujin/ros2_study/install/my_first_package_msgs/include/my_first_package_msgs/my_first_package_msgs/srv/detail
[0.532s] -- Up-to-date: /home/kyujin/ros2_study/install/my_first_package_msgs/include/my_first_package_msgs/my_first_package_msgs/srv/detail/multi_spawn__rosidl_typesupport_fastrtps_c.h
[0.533s] -- Up-to-date: /home/kyujin/ros2_study/install/my_first_package_msgs/lib/libmy_first_package_msgs__rosidl_typesupport_fastrtps_c.so
[0.533s] -- Up-to-date: /home/kyujin/ros2_study/install/my_first_package_msgs/include/my_first_package_msgs/my_first_package_msgs
[0.533s] -- Up-to-date: /home/kyujin/ros2_study/install/my_first_package_msgs/include/my_first_package_msgs/my_first_package_msgs/action
[0.533s] -- Up-to-date: /home/kyujin/ros2_study/install/my_first_package_msgs/include/my_first_package_msgs/my_first_package_msgs/action/detail
[0.534s] -- Up-to-date: /home/kyujin/ros2_study/install/my_first_package_msgs/include/my_first_package_msgs/my_first_package_msgs/action/detail/dist_turtle__type_support.c
[0.534s] -- Up-to-date: /home/kyujin/ros2_study/install/my_first_package_msgs/include/my_first_package_msgs/my_first_package_msgs/action/detail/dist_turtle__rosidl_typesupport_introspection_c.h
[0.534s] -- Up-to-date: /home/kyujin/ros2_study/install/my_first_package_msgs/include/my_first_package_msgs/my_first_package_msgs/msg
[0.534s] -- Up-to-date: /home/kyujin/ros2_study/install/my_first_package_msgs/include/my_first_package_msgs/my_first_package_msgs/msg/rosidl_typesupport_introspection_c__visibility_control.h
[0.534s] -- Up-to-date: /home/kyujin/ros2_study/install/my_first_package_msgs/include/my_first_package_msgs/my_first_package_msgs/msg/detail
[0.535s] -- Up-to-date: /home/kyujin/ros2_study/install/my_first_package_msgs/include/my_first_package_msgs/my_first_package_msgs/msg/detail/cmd_and_pose_vel__rosidl_typesupport_introspection_c.h
[0.535s] -- Up-to-date: /home/kyujin/ros2_study/install/my_first_package_msgs/include/my_first_package_msgs/my_first_package_msgs/msg/detail/cmd_and_pose_vel__type_support.c
[0.535s] -- Up-to-date: /home/kyujin/ros2_study/install/my_first_package_msgs/include/my_first_package_msgs/my_first_package_msgs/srv
[0.535s] -- Up-to-date: /home/kyujin/ros2_study/install/my_first_package_msgs/include/my_first_package_msgs/my_first_package_msgs/srv/detail
[0.536s] -- Up-to-date: /home/kyujin/ros2_study/install/my_first_package_msgs/include/my_first_package_msgs/my_first_package_msgs/srv/detail/multi_spawn__type_support.c
[0.536s] -- Up-to-date: /home/kyujin/ros2_study/install/my_first_package_msgs/include/my_first_package_msgs/my_first_package_msgs/srv/detail/multi_spawn__rosidl_typesupport_introspection_c.h
[0.537s] -- Up-to-date: /home/kyujin/ros2_study/install/my_first_package_msgs/lib/libmy_first_package_msgs__rosidl_typesupport_introspection_c.so
[0.538s] -- Up-to-date: /home/kyujin/ros2_study/install/my_first_package_msgs/lib/libmy_first_package_msgs__rosidl_typesupport_c.so
[0.538s] -- Up-to-date: /home/kyujin/ros2_study/install/my_first_package_msgs/include/my_first_package_msgs/my_first_package_msgs
[0.539s] -- Up-to-date: /home/kyujin/ros2_study/install/my_first_package_msgs/include/my_first_package_msgs/my_first_package_msgs/action
[0.539s] -- Up-to-date: /home/kyujin/ros2_study/install/my_first_package_msgs/include/my_first_package_msgs/my_first_package_msgs/action/detail
[0.539s] -- Up-to-date: /home/kyujin/ros2_study/install/my_first_package_msgs/include/my_first_package_msgs/my_first_package_msgs/action/detail/dist_turtle__traits.hpp
[0.539s] -- Up-to-date: /home/kyujin/ros2_study/install/my_first_package_msgs/include/my_first_package_msgs/my_first_package_msgs/action/detail/dist_turtle__struct.hpp
[0.540s] -- Up-to-date: /home/kyujin/ros2_study/install/my_first_package_msgs/include/my_first_package_msgs/my_first_package_msgs/action/detail/dist_turtle__type_support.hpp
[0.540s] -- Up-to-date: /home/kyujin/ros2_study/install/my_first_package_msgs/include/my_first_package_msgs/my_first_package_msgs/action/detail/dist_turtle__builder.hpp
[0.540s] -- Up-to-date: /home/kyujin/ros2_study/install/my_first_package_msgs/include/my_first_package_msgs/my_first_package_msgs/action/dist_turtle.hpp
[0.540s] -- Up-to-date: /home/kyujin/ros2_study/install/my_first_package_msgs/include/my_first_package_msgs/my_first_package_msgs/msg
[0.540s] -- Up-to-date: /home/kyujin/ros2_study/install/my_first_package_msgs/include/my_first_package_msgs/my_first_package_msgs/msg/detail
[0.541s] -- Up-to-date: /home/kyujin/ros2_study/install/my_first_package_msgs/include/my_first_package_msgs/my_first_package_msgs/msg/detail/cmd_and_pose_vel__struct.hpp
[0.541s] -- Up-to-date: /home/kyujin/ros2_study/install/my_first_package_msgs/include/my_first_package_msgs/my_first_package_msgs/msg/detail/cmd_and_pose_vel__traits.hpp
[0.541s] -- Up-to-date: /home/kyujin/ros2_study/install/my_first_package_msgs/include/my_first_package_msgs/my_first_package_msgs/msg/detail/cmd_and_pose_vel__type_support.hpp
[0.541s] -- Up-to-date: /home/kyujin/ros2_study/install/my_first_package_msgs/include/my_first_package_msgs/my_first_package_msgs/msg/detail/cmd_and_pose_vel__builder.hpp
[0.541s] -- Up-to-date: /home/kyujin/ros2_study/install/my_first_package_msgs/include/my_first_package_msgs/my_first_package_msgs/msg/rosidl_generator_cpp__visibility_control.hpp
[0.541s] -- Up-to-date: /home/kyujin/ros2_study/install/my_first_package_msgs/include/my_first_package_msgs/my_first_package_msgs/msg/cmd_and_pose_vel.hpp
[0.542s] -- Up-to-date: /home/kyujin/ros2_study/install/my_first_package_msgs/include/my_first_package_msgs/my_first_package_msgs/srv
[0.542s] -- Up-to-date: /home/kyujin/ros2_study/install/my_first_package_msgs/include/my_first_package_msgs/my_first_package_msgs/srv/detail
[0.542s] -- Up-to-date: /home/kyujin/ros2_study/install/my_first_package_msgs/include/my_first_package_msgs/my_first_package_msgs/srv/detail/multi_spawn__type_support.hpp
[0.542s] -- Up-to-date: /home/kyujin/ros2_study/install/my_first_package_msgs/include/my_first_package_msgs/my_first_package_msgs/srv/detail/multi_spawn__struct.hpp
[0.542s] -- Up-to-date: /home/kyujin/ros2_study/install/my_first_package_msgs/include/my_first_package_msgs/my_first_package_msgs/srv/detail/multi_spawn__traits.hpp
[0.542s] -- Up-to-date: /home/kyujin/ros2_study/install/my_first_package_msgs/include/my_first_package_msgs/my_first_package_msgs/srv/detail/multi_spawn__builder.hpp
[0.542s] -- Up-to-date: /home/kyujin/ros2_study/install/my_first_package_msgs/include/my_first_package_msgs/my_first_package_msgs/srv/multi_spawn.hpp
[0.543s] -- Up-to-date: /home/kyujin/ros2_study/install/my_first_package_msgs/include/my_first_package_msgs/my_first_package_msgs
[0.543s] -- Up-to-date: /home/kyujin/ros2_study/install/my_first_package_msgs/include/my_first_package_msgs/my_first_package_msgs/action
[0.543s] -- Up-to-date: /home/kyujin/ros2_study/install/my_first_package_msgs/include/my_first_package_msgs/my_first_package_msgs/action/detail
[0.543s] -- Up-to-date: /home/kyujin/ros2_study/install/my_first_package_msgs/include/my_first_package_msgs/my_first_package_msgs/action/detail/dist_turtle__rosidl_typesupport_fastrtps_cpp.hpp
[0.543s] -- Up-to-date: /home/kyujin/ros2_study/install/my_first_package_msgs/include/my_first_package_msgs/my_first_package_msgs/action/detail/dds_fastrtps
[0.543s] -- Up-to-date: /home/kyujin/ros2_study/install/my_first_package_msgs/include/my_first_package_msgs/my_first_package_msgs/msg
[0.543s] -- Up-to-date: /home/kyujin/ros2_study/install/my_first_package_msgs/include/my_first_package_msgs/my_first_package_msgs/msg/rosidl_typesupport_fastrtps_cpp__visibility_control.h
[0.543s] -- Up-to-date: /home/kyujin/ros2_study/install/my_first_package_msgs/include/my_first_package_msgs/my_first_package_msgs/msg/detail
[0.544s] -- Up-to-date: /home/kyujin/ros2_study/install/my_first_package_msgs/include/my_first_package_msgs/my_first_package_msgs/msg/detail/cmd_and_pose_vel__rosidl_typesupport_fastrtps_cpp.hpp
[0.544s] -- Up-to-date: /home/kyujin/ros2_study/install/my_first_package_msgs/include/my_first_package_msgs/my_first_package_msgs/msg/detail/dds_fastrtps
[0.544s] -- Up-to-date: /home/kyujin/ros2_study/install/my_first_package_msgs/include/my_first_package_msgs/my_first_package_msgs/srv
[0.544s] -- Up-to-date: /home/kyujin/ros2_study/install/my_first_package_msgs/include/my_first_package_msgs/my_first_package_msgs/srv/detail
[0.544s] -- Up-to-date: /home/kyujin/ros2_study/install/my_first_package_msgs/include/my_first_package_msgs/my_first_package_msgs/srv/detail/dds_fastrtps
[0.545s] -- Up-to-date: /home/kyujin/ros2_study/install/my_first_package_msgs/include/my_first_package_msgs/my_first_package_msgs/srv/detail/multi_spawn__rosidl_typesupport_fastrtps_cpp.hpp
[0.546s] -- Up-to-date: /home/kyujin/ros2_study/install/my_first_package_msgs/lib/libmy_first_package_msgs__rosidl_typesupport_fastrtps_cpp.so
[0.546s] -- Up-to-date: /home/kyujin/ros2_study/install/my_first_package_msgs/include/my_first_package_msgs/my_first_package_msgs
[0.547s] -- Up-to-date: /home/kyujin/ros2_study/install/my_first_package_msgs/include/my_first_package_msgs/my_first_package_msgs/action
[0.547s] -- Up-to-date: /home/kyujin/ros2_study/install/my_first_package_msgs/include/my_first_package_msgs/my_first_package_msgs/action/detail
[0.547s] -- Up-to-date: /home/kyujin/ros2_study/install/my_first_package_msgs/include/my_first_package_msgs/my_first_package_msgs/action/detail/dist_turtle__type_support.cpp
[0.548s] -- Up-to-date: /home/kyujin/ros2_study/install/my_first_package_msgs/include/my_first_package_msgs/my_first_package_msgs/action/detail/dist_turtle__rosidl_typesupport_introspection_cpp.hpp
[0.548s] -- Up-to-date: /home/kyujin/ros2_study/install/my_first_package_msgs/include/my_first_package_msgs/my_first_package_msgs/msg
[0.548s] -- Up-to-date: /home/kyujin/ros2_study/install/my_first_package_msgs/include/my_first_package_msgs/my_first_package_msgs/msg/detail
[0.548s] -- Up-to-date: /home/kyujin/ros2_study/install/my_first_package_msgs/include/my_first_package_msgs/my_first_package_msgs/msg/detail/cmd_and_pose_vel__rosidl_typesupport_introspection_cpp.hpp
[0.548s] -- Up-to-date: /home/kyujin/ros2_study/install/my_first_package_msgs/include/my_first_package_msgs/my_first_package_msgs/msg/detail/cmd_and_pose_vel__type_support.cpp
[0.548s] -- Up-to-date: /home/kyujin/ros2_study/install/my_first_package_msgs/include/my_first_package_msgs/my_first_package_msgs/srv
[0.549s] -- Up-to-date: /home/kyujin/ros2_study/install/my_first_package_msgs/include/my_first_package_msgs/my_first_package_msgs/srv/detail
[0.549s] -- Up-to-date: /home/kyujin/ros2_study/install/my_first_package_msgs/include/my_first_package_msgs/my_first_package_msgs/srv/detail/multi_spawn__type_support.cpp
[0.549s] -- Up-to-date: /home/kyujin/ros2_study/install/my_first_package_msgs/include/my_first_package_msgs/my_first_package_msgs/srv/detail/multi_spawn__rosidl_typesupport_introspection_cpp.hpp
[0.550s] -- Up-to-date: /home/kyujin/ros2_study/install/my_first_package_msgs/lib/libmy_first_package_msgs__rosidl_typesupport_introspection_cpp.so
[0.551s] -- Up-to-date: /home/kyujin/ros2_study/install/my_first_package_msgs/lib/libmy_first_package_msgs__rosidl_typesupport_cpp.so
[0.551s] -- Up-to-date: /home/kyujin/ros2_study/install/my_first_package_msgs/share/my_first_package_msgs/environment/pythonpath.sh
[0.551s] -- Up-to-date: /home/kyujin/ros2_study/install/my_first_package_msgs/share/my_first_package_msgs/environment/pythonpath.dsv
[0.552s] -- Up-to-date: /home/kyujin/ros2_study/install/my_first_package_msgs/local/lib/python3.10/dist-packages/my_first_package_msgs-0.0.0-py3.10.egg-info
[0.552s] -- Installing: /home/kyujin/ros2_study/install/my_first_package_msgs/local/lib/python3.10/dist-packages/my_first_package_msgs-0.0.0-py3.10.egg-info/top_level.txt
[0.552s] -- Installing: /home/kyujin/ros2_study/install/my_first_package_msgs/local/lib/python3.10/dist-packages/my_first_package_msgs-0.0.0-py3.10.egg-info/PKG-INFO
[0.552s] -- Installing: /home/kyujin/ros2_study/install/my_first_package_msgs/local/lib/python3.10/dist-packages/my_first_package_msgs-0.0.0-py3.10.egg-info/dependency_links.txt
[0.552s] -- Installing: /home/kyujin/ros2_study/install/my_first_package_msgs/local/lib/python3.10/dist-packages/my_first_package_msgs-0.0.0-py3.10.egg-info/SOURCES.txt
[0.552s] -- Up-to-date: /home/kyujin/ros2_study/install/my_first_package_msgs/local/lib/python3.10/dist-packages/my_first_package_msgs
[0.553s] -- Up-to-date: /home/kyujin/ros2_study/install/my_first_package_msgs/local/lib/python3.10/dist-packages/my_first_package_msgs/action
[0.553s] -- Up-to-date: /home/kyujin/ros2_study/install/my_first_package_msgs/local/lib/python3.10/dist-packages/my_first_package_msgs/action/__init__.py
[0.553s] -- Up-to-date: /home/kyujin/ros2_study/install/my_first_package_msgs/local/lib/python3.10/dist-packages/my_first_package_msgs/action/_dist_turtle.py
[0.553s] -- Up-to-date: /home/kyujin/ros2_study/install/my_first_package_msgs/local/lib/python3.10/dist-packages/my_first_package_msgs/action/_dist_turtle_s.c
[0.553s] -- Up-to-date: /home/kyujin/ros2_study/install/my_first_package_msgs/local/lib/python3.10/dist-packages/my_first_package_msgs/_my_first_package_msgs_s.ep.rosidl_typesupport_fastrtps_c.c
[0.554s] -- Up-to-date: /home/kyujin/ros2_study/install/my_first_package_msgs/local/lib/python3.10/dist-packages/my_first_package_msgs/msg
[0.554s] -- Up-to-date: /home/kyujin/ros2_study/install/my_first_package_msgs/local/lib/python3.10/dist-packages/my_first_package_msgs/msg/__init__.py
[0.554s] -- Up-to-date: /home/kyujin/ros2_study/install/my_first_package_msgs/local/lib/python3.10/dist-packages/my_first_package_msgs/msg/_cmd_and_pose_vel_s.c
[0.554s] -- Up-to-date: /home/kyujin/ros2_study/install/my_first_package_msgs/local/lib/python3.10/dist-packages/my_first_package_msgs/msg/_cmd_and_pose_vel.py
[0.554s] -- Up-to-date: /home/kyujin/ros2_study/install/my_first_package_msgs/local/lib/python3.10/dist-packages/my_first_package_msgs/my_first_package_msgs_s__rosidl_typesupport_fastrtps_c.cpython-310-x86_64-linux-gnu.so
[0.554s] -- Up-to-date: /home/kyujin/ros2_study/install/my_first_package_msgs/local/lib/python3.10/dist-packages/my_first_package_msgs/my_first_package_msgs_s__rosidl_typesupport_introspection_c.cpython-310-x86_64-linux-gnu.so
[0.554s] -- Up-to-date: /home/kyujin/ros2_study/install/my_first_package_msgs/local/lib/python3.10/dist-packages/my_first_package_msgs/__init__.py
[0.554s] -- Up-to-date: /home/kyujin/ros2_study/install/my_first_package_msgs/local/lib/python3.10/dist-packages/my_first_package_msgs/_my_first_package_msgs_s.ep.rosidl_typesupport_c.c
[0.554s] -- Up-to-date: /home/kyujin/ros2_study/install/my_first_package_msgs/local/lib/python3.10/dist-packages/my_first_package_msgs/srv
[0.555s] -- Up-to-date: /home/kyujin/ros2_study/install/my_first_package_msgs/local/lib/python3.10/dist-packages/my_first_package_msgs/srv/_multi_spawn.py
[0.555s] -- Up-to-date: /home/kyujin/ros2_study/install/my_first_package_msgs/local/lib/python3.10/dist-packages/my_first_package_msgs/srv/_multi_spawn_s.c
[0.555s] -- Up-to-date: /home/kyujin/ros2_study/install/my_first_package_msgs/local/lib/python3.10/dist-packages/my_first_package_msgs/srv/__init__.py
[0.555s] -- Up-to-date: /home/kyujin/ros2_study/install/my_first_package_msgs/local/lib/python3.10/dist-packages/my_first_package_msgs/_my_first_package_msgs_s.ep.rosidl_typesupport_introspection_c.c
[0.555s] -- Up-to-date: /home/kyujin/ros2_study/install/my_first_package_msgs/local/lib/python3.10/dist-packages/my_first_package_msgs/libmy_first_package_msgs__rosidl_generator_py.so
[0.555s] -- Up-to-date: /home/kyujin/ros2_study/install/my_first_package_msgs/local/lib/python3.10/dist-packages/my_first_package_msgs/my_first_package_msgs_s__rosidl_typesupport_c.cpython-310-x86_64-linux-gnu.so
[0.587s] Listing '/home/kyujin/ros2_study/install/my_first_package_msgs/local/lib/python3.10/dist-packages/my_first_package_msgs'...
[0.587s] Listing '/home/kyujin/ros2_study/install/my_first_package_msgs/local/lib/python3.10/dist-packages/my_first_package_msgs/action'...
[0.587s] Listing '/home/kyujin/ros2_study/install/my_first_package_msgs/local/lib/python3.10/dist-packages/my_first_package_msgs/msg'...
[0.588s] Listing '/home/kyujin/ros2_study/install/my_first_package_msgs/local/lib/python3.10/dist-packages/my_first_package_msgs/srv'...
[0.593s] -- Up-to-date: /home/kyujin/ros2_study/install/my_first_package_msgs/local/lib/python3.10/dist-packages/my_first_package_msgs/my_first_package_msgs_s__rosidl_typesupport_fastrtps_c.cpython-310-x86_64-linux-gnu.so
[0.595s] -- Up-to-date: /home/kyujin/ros2_study/install/my_first_package_msgs/local/lib/python3.10/dist-packages/my_first_package_msgs/my_first_package_msgs_s__rosidl_typesupport_introspection_c.cpython-310-x86_64-linux-gnu.so
[0.596s] -- Up-to-date: /home/kyujin/ros2_study/install/my_first_package_msgs/local/lib/python3.10/dist-packages/my_first_package_msgs/my_first_package_msgs_s__rosidl_typesupport_c.cpython-310-x86_64-linux-gnu.so
[0.598s] -- Up-to-date: /home/kyujin/ros2_study/install/my_first_package_msgs/lib/libmy_first_package_msgs__rosidl_generator_py.so
[0.598s] -- Up-to-date: /home/kyujin/ros2_study/install/my_first_package_msgs/share/my_first_package_msgs/msg/CmdAndPoseVel.idl
[0.598s] -- Up-to-date: /home/kyujin/ros2_study/install/my_first_package_msgs/share/my_first_package_msgs/srv/MultiSpawn.idl
[0.598s] -- Up-to-date: /home/kyujin/ros2_study/install/my_first_package_msgs/share/my_first_package_msgs/action/DistTurtle.idl
[0.598s] -- Up-to-date: /home/kyujin/ros2_study/install/my_first_package_msgs/share/my_first_package_msgs/msg/CmdAndPoseVel.msg
[0.598s] -- Up-to-date: /home/kyujin/ros2_study/install/my_first_package_msgs/share/my_first_package_msgs/srv/MultiSpawn.srv
[0.599s] -- Up-to-date: /home/kyujin/ros2_study/install/my_first_package_msgs/share/my_first_package_msgs/srv/MultiSpawn_Request.msg
[0.599s] -- Up-to-date: /home/kyujin/ros2_study/install/my_first_package_msgs/share/my_first_package_msgs/srv/MultiSpawn_Response.msg
[0.599s] -- Up-to-date: /home/kyujin/ros2_study/install/my_first_package_msgs/share/my_first_package_msgs/action/DistTurtle.action
[0.599s] -- Up-to-date: /home/kyujin/ros2_study/install/my_first_package_msgs/share/ament_index/resource_index/package_run_dependencies/my_first_package_msgs
[0.599s] -- Up-to-date: /home/kyujin/ros2_study/install/my_first_package_msgs/share/ament_index/resource_index/parent_prefix_path/my_first_package_msgs
[0.599s] -- Up-to-date: /home/kyujin/ros2_study/install/my_first_package_msgs/share/my_first_package_msgs/environment/ament_prefix_path.sh
[0.600s] -- Up-to-date: /home/kyujin/ros2_study/install/my_first_package_msgs/share/my_first_package_msgs/environment/ament_prefix_path.dsv
[0.600s] -- Up-to-date: /home/kyujin/ros2_study/install/my_first_package_msgs/share/my_first_package_msgs/environment/path.sh
[0.600s] -- Up-to-date: /home/kyujin/ros2_study/install/my_first_package_msgs/share/my_first_package_msgs/environment/path.dsv
[0.600s] -- Up-to-date: /home/kyujin/ros2_study/install/my_first_package_msgs/share/my_first_package_msgs/local_setup.bash
[0.600s] -- Up-to-date: /home/kyujin/ros2_study/install/my_first_package_msgs/share/my_first_package_msgs/local_setup.sh
[0.600s] -- Up-to-date: /home/kyujin/ros2_study/install/my_first_package_msgs/share/my_first_package_msgs/local_setup.zsh
[0.600s] -- Up-to-date: /home/kyujin/ros2_study/install/my_first_package_msgs/share/my_first_package_msgs/local_setup.dsv
[0.601s] -- Installing: /home/kyujin/ros2_study/install/my_first_package_msgs/share/my_first_package_msgs/package.dsv
[0.601s] -- Up-to-date: /home/kyujin/ros2_study/install/my_first_package_msgs/share/ament_index/resource_index/packages/my_first_package_msgs
[0.601s] -- Up-to-date: /home/kyujin/ros2_study/install/my_first_package_msgs/share/my_first_package_msgs/cmake/export_my_first_package_msgs__rosidl_generator_cExport.cmake
[0.601s] -- Up-to-date: /home/kyujin/ros2_study/install/my_first_package_msgs/share/my_first_package_msgs/cmake/export_my_first_package_msgs__rosidl_generator_cExport-noconfig.cmake
[0.602s] -- Up-to-date: /home/kyujin/ros2_study/install/my_first_package_msgs/share/my_first_package_msgs/cmake/export_my_first_package_msgs__rosidl_typesupport_fastrtps_cExport.cmake
[0.602s] -- Up-to-date: /home/kyujin/ros2_study/install/my_first_package_msgs/share/my_first_package_msgs/cmake/export_my_first_package_msgs__rosidl_typesupport_fastrtps_cExport-noconfig.cmake
[0.603s] -- Up-to-date: /home/kyujin/ros2_study/install/my_first_package_msgs/share/my_first_package_msgs/cmake/my_first_package_msgs__rosidl_typesupport_introspection_cExport.cmake
[0.603s] -- Up-to-date: /home/kyujin/ros2_study/install/my_first_package_msgs/share/my_first_package_msgs/cmake/my_first_package_msgs__rosidl_typesupport_introspection_cExport-noconfig.cmake
[0.603s] -- Up-to-date: /home/kyujin/ros2_study/install/my_first_package_msgs/share/my_first_package_msgs/cmake/my_first_package_msgs__rosidl_typesupport_cExport.cmake
[0.604s] -- Up-to-date: /home/kyujin/ros2_study/install/my_first_package_msgs/share/my_first_package_msgs/cmake/my_first_package_msgs__rosidl_typesupport_cExport-noconfig.cmake
[0.604s] -- Up-to-date: /home/kyujin/ros2_study/install/my_first_package_msgs/share/my_first_package_msgs/cmake/export_my_first_package_msgs__rosidl_generator_cppExport.cmake
[0.605s] -- Up-to-date: /home/kyujin/ros2_study/install/my_first_package_msgs/share/my_first_package_msgs/cmake/export_my_first_package_msgs__rosidl_typesupport_fastrtps_cppExport.cmake
[0.605s] -- Up-to-date: /home/kyujin/ros2_study/install/my_first_package_msgs/share/my_first_package_msgs/cmake/export_my_first_package_msgs__rosidl_typesupport_fastrtps_cppExport-noconfig.cmake
[0.606s] -- Up-to-date: /home/kyujin/ros2_study/install/my_first_package_msgs/share/my_first_package_msgs/cmake/my_first_package_msgs__rosidl_typesupport_introspection_cppExport.cmake
[0.606s] -- Up-to-date: /home/kyujin/ros2_study/install/my_first_package_msgs/share/my_first_package_msgs/cmake/my_first_package_msgs__rosidl_typesupport_introspection_cppExport-noconfig.cmake
[0.607s] -- Up-to-date: /home/kyujin/ros2_study/install/my_first_package_msgs/share/my_first_package_msgs/cmake/my_first_package_msgs__rosidl_typesupport_cppExport.cmake
[0.607s] -- Up-to-date: /home/kyujin/ros2_study/install/my_first_package_msgs/share/my_first_package_msgs/cmake/my_first_package_msgs__rosidl_typesupport_cppExport-noconfig.cmake
[0.608s] -- Up-to-date: /home/kyujin/ros2_study/install/my_first_package_msgs/share/my_first_package_msgs/cmake/export_my_first_package_msgs__rosidl_generator_pyExport.cmake
[0.608s] -- Up-to-date: /home/kyujin/ros2_study/install/my_first_package_msgs/share/my_first_package_msgs/cmake/export_my_first_package_msgs__rosidl_generator_pyExport-noconfig.cmake
[0.608s] -- Up-to-date: /home/kyujin/ros2_study/install/my_first_package_msgs/share/my_first_package_msgs/cmake/rosidl_cmake-extras.cmake
[0.608s] -- Up-to-date: /home/kyujin/ros2_study/install/my_first_package_msgs/share/my_first_package_msgs/cmake/ament_cmake_export_dependencies-extras.cmake
[0.608s] -- Up-to-date: /home/kyujin/ros2_study/install/my_first_package_msgs/share/my_first_package_msgs/cmake/ament_cmake_export_include_directories-extras.cmake
[0.608s] -- Up-to-date: /home/kyujin/ros2_study/install/my_first_package_msgs/share/my_first_package_msgs/cmake/ament_cmake_export_libraries-extras.cmake
[0.609s] -- Up-to-date: /home/kyujin/ros2_study/install/my_first_package_msgs/share/my_first_package_msgs/cmake/ament_cmake_export_targets-extras.cmake
[0.609s] -- Up-to-date: /home/kyujin/ros2_study/install/my_first_package_msgs/share/my_first_package_msgs/cmake/rosidl_cmake_export_typesupport_targets-extras.cmake
[0.609s] -- Up-to-date: /home/kyujin/ros2_study/install/my_first_package_msgs/share/my_first_package_msgs/cmake/rosidl_cmake_export_typesupport_libraries-extras.cmake
[0.609s] -- Up-to-date: /home/kyujin/ros2_study/install/my_first_package_msgs/share/my_first_package_msgs/cmake/my_first_package_msgsConfig.cmake
[0.609s] -- Up-to-date: /home/kyujin/ros2_study/install/my_first_package_msgs/share/my_first_package_msgs/cmake/my_first_package_msgsConfig-version.cmake
[0.609s] -- Up-to-date: /home/kyujin/ros2_study/install/my_first_package_msgs/share/my_first_package_msgs/package.xml
[0.612s] Invoked command in '/home/kyujin/ros2_study/build/my_first_package_msgs' returned '0': CMAKE_PREFIX_PATH=${CMAKE_PREFIX_PATH}:/home/kyujin/ros2_study/install/my_first_package:/opt/ros/humble /usr/bin/cmake --install /home/kyujin/ros2_study/build/my_first_package_msgs
