[0.638s] Invoking command in '/home/kyujin/ros2_study/src/my_first_package': PYTHONPATH=/home/kyujin/ros2_study/build/my_first_package/prefix_override:/usr/lib/python3/dist-packages/colcon_core/task/python/colcon_distutils_commands:/home/kyujin/ros2_study/install/my_first_package/lib/python3.10/site-packages:${PYTHONPATH} /usr/bin/python3 -W ignore:setup.py install is deprecated -W ignore:easy_install command is deprecated setup.py egg_info --egg-base ../../build/my_first_package build --build-base /home/kyujin/ros2_study/build/my_first_package/build install --record /home/kyujin/ros2_study/build/my_first_package/install.log --single-version-externally-managed install_data
[0.882s] running egg_info
[0.882s] writing ../../build/my_first_package/my_first_package.egg-info/PKG-INFO
[0.883s] writing dependency_links to ../../build/my_first_package/my_first_package.egg-info/dependency_links.txt
[0.883s] writing entry points to ../../build/my_first_package/my_first_package.egg-info/entry_points.txt
[0.884s] writing requirements to ../../build/my_first_package/my_first_package.egg-info/requires.txt
[0.884s] writing top-level names to ../../build/my_first_package/my_first_package.egg-info/top_level.txt
[0.887s] reading manifest file '../../build/my_first_package/my_first_package.egg-info/SOURCES.txt'
[0.888s] writing manifest file '../../build/my_first_package/my_first_package.egg-info/SOURCES.txt'
[0.888s] running build
[0.888s] running build_py
[0.889s] copying my_first_package/my_service_server.py -> /home/kyujin/ros2_study/build/my_first_package/build/lib/my_first_package
[0.890s] running install
[0.890s] running install_lib
[0.891s] copying /home/kyujin/ros2_study/build/my_first_package/build/lib/my_first_package/my_service_server.py -> /home/kyujin/ros2_study/install/my_first_package/lib/python3.10/site-packages/my_first_package
[0.892s] byte-compiling /home/kyujin/ros2_study/install/my_first_package/lib/python3.10/site-packages/my_first_package/my_service_server.py to my_service_server.cpython-310.pyc
[0.893s] running install_data
[0.894s] running install_egg_info
[0.897s] removing '/home/kyujin/ros2_study/install/my_first_package/lib/python3.10/site-packages/my_first_package-0.0.0-py3.10.egg-info' (and everything under it)
[0.897s] Copying ../../build/my_first_package/my_first_package.egg-info to /home/kyujin/ros2_study/install/my_first_package/lib/python3.10/site-packages/my_first_package-0.0.0-py3.10.egg-info
[0.900s] running install_scripts
[0.932s] Installing my_first_node script to /home/kyujin/ros2_study/install/my_first_package/lib/my_first_package
[0.932s] Installing my_publisher script to /home/kyujin/ros2_study/install/my_first_package/lib/my_first_package
[0.933s] Installing my_service_server script to /home/kyujin/ros2_study/install/my_first_package/lib/my_first_package
[0.933s] Installing my_subscriber script to /home/kyujin/ros2_study/install/my_first_package/lib/my_first_package
[0.933s] Installing turtle_cmd_and_pose script to /home/kyujin/ros2_study/install/my_first_package/lib/my_first_package
[0.934s] writing list of installed files to '/home/kyujin/ros2_study/build/my_first_package/install.log'
[0.973s] Invoked command in '/home/kyujin/ros2_study/src/my_first_package' returned '0': PYTHONPATH=/home/kyujin/ros2_study/build/my_first_package/prefix_override:/usr/lib/python3/dist-packages/colcon_core/task/python/colcon_distutils_commands:/home/kyujin/ros2_study/install/my_first_package/lib/python3.10/site-packages:${PYTHONPATH} /usr/bin/python3 -W ignore:setup.py install is deprecated -W ignore:easy_install command is deprecated setup.py egg_info --egg-base ../../build/my_first_package build --build-base /home/kyujin/ros2_study/build/my_first_package/build install --record /home/kyujin/ros2_study/build/my_first_package/install.log --single-version-externally-managed install_data
