[0.757s] Invoking command in '/home/kyujin/ros2_study/src/my_first_package': PYTHONPATH=/home/kyujin/ros2_study/build/my_first_package/prefix_override:/usr/lib/python3/dist-packages/colcon_core/task/python/colcon_distutils_commands:/home/kyujin/ros2_study/install/my_first_package/lib/python3.10/site-packages:${PYTHONPATH} /usr/bin/python3 -W ignore:setup.py install is deprecated -W ignore:easy_install command is deprecated setup.py egg_info --egg-base ../../build/my_first_package build --build-base /home/kyujin/ros2_study/build/my_first_package/build install --record /home/kyujin/ros2_study/build/my_first_package/install.log --single-version-externally-managed install_data
[0.974s] running egg_info
[0.974s] writing ../../build/my_first_package/my_first_package.egg-info/PKG-INFO
[0.975s] writing dependency_links to ../../build/my_first_package/my_first_package.egg-info/dependency_links.txt
[0.975s] writing entry points to ../../build/my_first_package/my_first_package.egg-info/entry_points.txt
[0.975s] writing requirements to ../../build/my_first_package/my_first_package.egg-info/requires.txt
[0.975s] writing top-level names to ../../build/my_first_package/my_first_package.egg-info/top_level.txt
[0.978s] reading manifest file '../../build/my_first_package/my_first_package.egg-info/SOURCES.txt'
[0.979s] writing manifest file '../../build/my_first_package/my_first_package.egg-info/SOURCES.txt'
[0.979s] running build
[0.980s] running build_py
[0.980s] copying my_first_package/dist_turtle_action_server.py -> /home/kyujin/ros2_study/build/my_first_package/build/lib/my_first_package
[0.981s] running install
[0.981s] running install_lib
[0.982s] copying /home/kyujin/ros2_study/build/my_first_package/build/lib/my_first_package/dist_turtle_action_server.py -> /home/kyujin/ros2_study/install/my_first_package/lib/python3.10/site-packages/my_first_package
[0.983s] byte-compiling /home/kyujin/ros2_study/install/my_first_package/lib/python3.10/site-packages/my_first_package/dist_turtle_action_server.py to dist_turtle_action_server.cpython-310.pyc
[0.984s]   File "/home/kyujin/ros2_study/install/my_first_package/lib/python3.10/site-packages/my_first_package/dist_turtle_action_server.py", line 52
[0.984s]     		whilt True:
[0.984s]     		      ^^^^
[0.985s] SyntaxError: invalid syntax
[0.985s] 
[0.985s] running install_data
[0.985s] running install_egg_info
[0.986s] removing '/home/kyujin/ros2_study/install/my_first_package/lib/python3.10/site-packages/my_first_package-0.0.0-py3.10.egg-info' (and everything under it)
[0.986s] Copying ../../build/my_first_package/my_first_package.egg-info to /home/kyujin/ros2_study/install/my_first_package/lib/python3.10/site-packages/my_first_package-0.0.0-py3.10.egg-info
[0.988s] running install_scripts
[1.014s] Installing dist_turtle_action_server script to /home/kyujin/ros2_study/install/my_first_package/lib/my_first_package
[1.014s] Installing my_first_node script to /home/kyujin/ros2_study/install/my_first_package/lib/my_first_package
[1.015s] Installing my_multi_thread script to /home/kyujin/ros2_study/install/my_first_package/lib/my_first_package
[1.015s] Installing my_publisher script to /home/kyujin/ros2_study/install/my_first_package/lib/my_first_package
[1.015s] Installing my_service_server script to /home/kyujin/ros2_study/install/my_first_package/lib/my_first_package
[1.015s] Installing my_subscriber script to /home/kyujin/ros2_study/install/my_first_package/lib/my_first_package
[1.016s] Installing turtle_cmd_and_pose script to /home/kyujin/ros2_study/install/my_first_package/lib/my_first_package
[1.016s] writing list of installed files to '/home/kyujin/ros2_study/build/my_first_package/install.log'
[1.046s] Invoked command in '/home/kyujin/ros2_study/src/my_first_package' returned '0': PYTHONPATH=/home/kyujin/ros2_study/build/my_first_package/prefix_override:/usr/lib/python3/dist-packages/colcon_core/task/python/colcon_distutils_commands:/home/kyujin/ros2_study/install/my_first_package/lib/python3.10/site-packages:${PYTHONPATH} /usr/bin/python3 -W ignore:setup.py install is deprecated -W ignore:easy_install command is deprecated setup.py egg_info --egg-base ../../build/my_first_package build --build-base /home/kyujin/ros2_study/build/my_first_package/build install --record /home/kyujin/ros2_study/build/my_first_package/install.log --single-version-externally-managed install_data
