[0.345s] DEBUG:colcon:Command line arguments: ['/usr/bin/colcon', 'build']
[0.345s] DEBUG:colcon:Parsed command line arguments: Namespace(log_base=None, log_level=None, verb_name='build', build_base='build', install_base='install', merge_install=False, symlink_install=False, test_result_base=None, continue_on_error=False, executor='parallel', parallel_workers=12, event_handlers=None, ignore_user_meta=False, metas=['./colcon.meta'], base_paths=['.'], packages_ignore=None, packages_ignore_regex=None, paths=None, packages_up_to=None, packages_up_to_regex=None, packages_above=None, packages_above_and_dependencies=None, packages_above_depth=None, packages_select_by_dep=None, packages_skip_by_dep=None, packages_skip_up_to=None, packages_select_build_failed=False, packages_skip_build_finished=False, packages_select_test_failures=False, packages_skip_test_passed=False, packages_select=None, packages_skip=None, packages_select_regex=None, packages_skip_regex=None, packages_start=None, packages_end=None, allow_overriding=[], cmake_args=None, cmake_target=None, cmake_target_skip_unavailable=False, cmake_clean_cache=False, cmake_clean_first=False, cmake_force_configure=False, ament_cmake_args=None, catkin_cmake_args=None, catkin_skip_building_tests=False, mixin_files=None, mixin=None, verb_parser=<colcon_mixin.mixin.mixin_argument.MixinArgumentDecorator object at 0x71976fc88700>, verb_extension=<colcon_core.verb.build.BuildVerb object at 0x71976fd81d20>, main=<bound method BuildVerb.main of <colcon_core.verb.build.BuildVerb object at 0x71976fd81d20>>, mixin_verb=('build',))
[0.857s] Level 1:colcon.colcon_core.package_discovery:discover_packages(colcon_meta) check parameters
[0.858s] Level 1:colcon.colcon_core.package_discovery:discover_packages(recursive) check parameters
[0.858s] Level 1:colcon.colcon_core.package_discovery:discover_packages(ignore) check parameters
[0.858s] Level 1:colcon.colcon_core.package_discovery:discover_packages(path) check parameters
[0.858s] Level 1:colcon.colcon_core.package_discovery:discover_packages(colcon_meta) discover
[0.858s] Level 1:colcon.colcon_core.package_discovery:discover_packages(recursive) discover
[0.858s] INFO:colcon.colcon_core.package_discovery:Crawling recursively for packages in '/home/kyujin/ros2_study'
[0.858s] Level 1:colcon.colcon_core.package_identification:_identify(.) by extensions ['ignore', 'ignore_ament_install']
[0.858s] Level 1:colcon.colcon_core.package_identification:_identify(.) by extension 'ignore'
[0.858s] Level 1:colcon.colcon_core.package_identification:_identify(.) by extension 'ignore_ament_install'
[0.858s] Level 1:colcon.colcon_core.package_identification:_identify(.) by extensions ['colcon_pkg']
[0.859s] Level 1:colcon.colcon_core.package_identification:_identify(.) by extension 'colcon_pkg'
[0.859s] Level 1:colcon.colcon_core.package_identification:_identify(.) by extensions ['colcon_meta']
[0.859s] Level 1:colcon.colcon_core.package_identification:_identify(.) by extension 'colcon_meta'
[0.859s] Level 1:colcon.colcon_core.package_identification:_identify(.) by extensions ['ros']
[0.859s] Level 1:colcon.colcon_core.package_identification:_identify(.) by extension 'ros'
[0.915s] Level 1:colcon.colcon_core.package_identification:_identify(.) by extensions ['cmake', 'python']
[0.915s] Level 1:colcon.colcon_core.package_identification:_identify(.) by extension 'cmake'
[0.915s] Level 1:colcon.colcon_core.package_identification:_identify(.) by extension 'python'
[0.915s] Level 1:colcon.colcon_core.package_identification:_identify(.) by extensions ['python_setup_py']
[0.915s] Level 1:colcon.colcon_core.package_identification:_identify(.) by extension 'python_setup_py'
[0.916s] Level 1:colcon.colcon_core.package_identification:_identify(build) by extensions ['ignore', 'ignore_ament_install']
[0.916s] Level 1:colcon.colcon_core.package_identification:_identify(build) by extension 'ignore'
[0.916s] Level 1:colcon.colcon_core.package_identification:_identify(build) ignored
[0.916s] Level 1:colcon.colcon_core.package_identification:_identify(install) by extensions ['ignore', 'ignore_ament_install']
[0.917s] Level 1:colcon.colcon_core.package_identification:_identify(install) by extension 'ignore'
[0.917s] Level 1:colcon.colcon_core.package_identification:_identify(install) ignored
[0.917s] Level 1:colcon.colcon_core.package_identification:_identify(log) by extensions ['ignore', 'ignore_ament_install']
[0.917s] Level 1:colcon.colcon_core.package_identification:_identify(log) by extension 'ignore'
[0.917s] Level 1:colcon.colcon_core.package_identification:_identify(log) ignored
[0.917s] Level 1:colcon.colcon_core.package_identification:_identify(src) by extensions ['ignore', 'ignore_ament_install']
[0.918s] Level 1:colcon.colcon_core.package_identification:_identify(src) by extension 'ignore'
[0.918s] Level 1:colcon.colcon_core.package_identification:_identify(src) by extension 'ignore_ament_install'
[0.918s] Level 1:colcon.colcon_core.package_identification:_identify(src) by extensions ['colcon_pkg']
[0.918s] Level 1:colcon.colcon_core.package_identification:_identify(src) by extension 'colcon_pkg'
[0.918s] Level 1:colcon.colcon_core.package_identification:_identify(src) by extensions ['colcon_meta']
[0.918s] Level 1:colcon.colcon_core.package_identification:_identify(src) by extension 'colcon_meta'
[0.918s] Level 1:colcon.colcon_core.package_identification:_identify(src) by extensions ['ros']
[0.918s] Level 1:colcon.colcon_core.package_identification:_identify(src) by extension 'ros'
[0.918s] Level 1:colcon.colcon_core.package_identification:_identify(src) by extensions ['cmake', 'python']
[0.918s] Level 1:colcon.colcon_core.package_identification:_identify(src) by extension 'cmake'
[0.918s] Level 1:colcon.colcon_core.package_identification:_identify(src) by extension 'python'
[0.918s] Level 1:colcon.colcon_core.package_identification:_identify(src) by extensions ['python_setup_py']
[0.918s] Level 1:colcon.colcon_core.package_identification:_identify(src) by extension 'python_setup_py'
[0.919s] Level 1:colcon.colcon_core.package_identification:_identify(src/my_first_package) by extensions ['ignore', 'ignore_ament_install']
[0.919s] Level 1:colcon.colcon_core.package_identification:_identify(src/my_first_package) by extension 'ignore'
[0.919s] Level 1:colcon.colcon_core.package_identification:_identify(src/my_first_package) by extension 'ignore_ament_install'
[0.919s] Level 1:colcon.colcon_core.package_identification:_identify(src/my_first_package) by extensions ['colcon_pkg']
[0.919s] Level 1:colcon.colcon_core.package_identification:_identify(src/my_first_package) by extension 'colcon_pkg'
[0.919s] Level 1:colcon.colcon_core.package_identification:_identify(src/my_first_package) by extensions ['colcon_meta']
[0.919s] Level 1:colcon.colcon_core.package_identification:_identify(src/my_first_package) by extension 'colcon_meta'
[0.919s] Level 1:colcon.colcon_core.package_identification:_identify(src/my_first_package) by extensions ['ros']
[0.919s] Level 1:colcon.colcon_core.package_identification:_identify(src/my_first_package) by extension 'ros'
[0.923s] DEBUG:colcon.colcon_core.package_identification:Package 'src/my_first_package' with type 'ros.ament_python' and name 'my_first_package'
[0.924s] Level 1:colcon.colcon_core.package_identification:_identify(src/my_first_package_msgs) by extensions ['ignore', 'ignore_ament_install']
[0.924s] Level 1:colcon.colcon_core.package_identification:_identify(src/my_first_package_msgs) by extension 'ignore'
[0.924s] Level 1:colcon.colcon_core.package_identification:_identify(src/my_first_package_msgs) by extension 'ignore_ament_install'
[0.924s] Level 1:colcon.colcon_core.package_identification:_identify(src/my_first_package_msgs) by extensions ['colcon_pkg']
[0.924s] Level 1:colcon.colcon_core.package_identification:_identify(src/my_first_package_msgs) by extension 'colcon_pkg'
[0.924s] Level 1:colcon.colcon_core.package_identification:_identify(src/my_first_package_msgs) by extensions ['colcon_meta']
[0.924s] Level 1:colcon.colcon_core.package_identification:_identify(src/my_first_package_msgs) by extension 'colcon_meta'
[0.924s] Level 1:colcon.colcon_core.package_identification:_identify(src/my_first_package_msgs) by extensions ['ros']
[0.924s] Level 1:colcon.colcon_core.package_identification:_identify(src/my_first_package_msgs) by extension 'ros'
[0.925s] DEBUG:colcon.colcon_core.package_identification:Package 'src/my_first_package_msgs' with type 'ros.ament_cmake' and name 'my_first_package_msgs'
[0.925s] Level 1:colcon.colcon_core.package_discovery:discover_packages(recursive) using defaults
[0.925s] Level 1:colcon.colcon_core.package_discovery:discover_packages(ignore) discover
[0.925s] Level 1:colcon.colcon_core.package_discovery:discover_packages(ignore) using defaults
[0.925s] Level 1:colcon.colcon_core.package_discovery:discover_packages(path) discover
[0.925s] Level 1:colcon.colcon_core.package_discovery:discover_packages(path) using defaults
[0.964s] Level 1:colcon.colcon_core.package_discovery:discover_packages(prefix_path) check parameters
[0.964s] Level 1:colcon.colcon_core.package_discovery:discover_packages(prefix_path) discover
[0.970s] DEBUG:colcon.colcon_installed_package_information.package_discovery:Found 2 installed packages in /home/kyujin/ros2_study/install
[0.973s] DEBUG:colcon.colcon_installed_package_information.package_discovery:Found 322 installed packages in /opt/ros/humble
[0.974s] Level 1:colcon.colcon_core.package_discovery:discover_packages(prefix_path) using defaults
[1.100s] Level 5:colcon.colcon_core.verb:set package 'my_first_package' build argument 'cmake_args' from command line to 'None'
[1.100s] Level 5:colcon.colcon_core.verb:set package 'my_first_package' build argument 'cmake_target' from command line to 'None'
[1.100s] Level 5:colcon.colcon_core.verb:set package 'my_first_package' build argument 'cmake_target_skip_unavailable' from command line to 'False'
[1.100s] Level 5:colcon.colcon_core.verb:set package 'my_first_package' build argument 'cmake_clean_cache' from command line to 'False'
[1.100s] Level 5:colcon.colcon_core.verb:set package 'my_first_package' build argument 'cmake_clean_first' from command line to 'False'
[1.101s] Level 5:colcon.colcon_core.verb:set package 'my_first_package' build argument 'cmake_force_configure' from command line to 'False'
[1.101s] Level 5:colcon.colcon_core.verb:set package 'my_first_package' build argument 'ament_cmake_args' from command line to 'None'
[1.101s] Level 5:colcon.colcon_core.verb:set package 'my_first_package' build argument 'catkin_cmake_args' from command line to 'None'
[1.101s] Level 5:colcon.colcon_core.verb:set package 'my_first_package' build argument 'catkin_skip_building_tests' from command line to 'False'
[1.101s] DEBUG:colcon.colcon_core.verb:Building package 'my_first_package' with the following arguments: {'ament_cmake_args': None, 'build_base': '/home/kyujin/ros2_study/build/my_first_package', 'catkin_cmake_args': None, 'catkin_skip_building_tests': False, 'cmake_args': None, 'cmake_clean_cache': False, 'cmake_clean_first': False, 'cmake_force_configure': False, 'cmake_target': None, 'cmake_target_skip_unavailable': False, 'install_base': '/home/kyujin/ros2_study/install/my_first_package', 'merge_install': False, 'path': '/home/kyujin/ros2_study/src/my_first_package', 'symlink_install': False, 'test_result_base': None}
[1.101s] Level 5:colcon.colcon_core.verb:set package 'my_first_package_msgs' build argument 'cmake_args' from command line to 'None'
[1.101s] Level 5:colcon.colcon_core.verb:set package 'my_first_package_msgs' build argument 'cmake_target' from command line to 'None'
[1.101s] Level 5:colcon.colcon_core.verb:set package 'my_first_package_msgs' build argument 'cmake_target_skip_unavailable' from command line to 'False'
[1.101s] Level 5:colcon.colcon_core.verb:set package 'my_first_package_msgs' build argument 'cmake_clean_cache' from command line to 'False'
[1.101s] Level 5:colcon.colcon_core.verb:set package 'my_first_package_msgs' build argument 'cmake_clean_first' from command line to 'False'
[1.101s] Level 5:colcon.colcon_core.verb:set package 'my_first_package_msgs' build argument 'cmake_force_configure' from command line to 'False'
[1.101s] Level 5:colcon.colcon_core.verb:set package 'my_first_package_msgs' build argument 'ament_cmake_args' from command line to 'None'
[1.101s] Level 5:colcon.colcon_core.verb:set package 'my_first_package_msgs' build argument 'catkin_cmake_args' from command line to 'None'
[1.101s] Level 5:colcon.colcon_core.verb:set package 'my_first_package_msgs' build argument 'catkin_skip_building_tests' from command line to 'False'
[1.101s] DEBUG:colcon.colcon_core.verb:Building package 'my_first_package_msgs' with the following arguments: {'ament_cmake_args': None, 'build_base': '/home/kyujin/ros2_study/build/my_first_package_msgs', 'catkin_cmake_args': None, 'catkin_skip_building_tests': False, 'cmake_args': None, 'cmake_clean_cache': False, 'cmake_clean_first': False, 'cmake_force_configure': False, 'cmake_target': None, 'cmake_target_skip_unavailable': False, 'install_base': '/home/kyujin/ros2_study/install/my_first_package_msgs', 'merge_install': False, 'path': '/home/kyujin/ros2_study/src/my_first_package_msgs', 'symlink_install': False, 'test_result_base': None}
[1.101s] INFO:colcon.colcon_core.executor:Executing jobs using 'parallel' executor
[1.102s] DEBUG:colcon.colcon_parallel_executor.executor.parallel:run_until_complete
[1.102s] INFO:colcon.colcon_ros.task.ament_python.build:Building ROS package in '/home/kyujin/ros2_study/src/my_first_package' with build type 'ament_python'
[1.102s] Level 1:colcon.colcon_core.shell:create_environment_hook('my_first_package', 'ament_prefix_path')
[1.111s] INFO:colcon.colcon_core.plugin_system:Skipping extension 'colcon_core.shell.bat': Not used on non-Windows systems
[1.111s] INFO:colcon.colcon_core.shell:Creating environment hook '/home/kyujin/ros2_study/install/my_first_package/share/my_first_package/hook/ament_prefix_path.ps1'
[1.113s] INFO:colcon.colcon_core.shell:Creating environment descriptor '/home/kyujin/ros2_study/install/my_first_package/share/my_first_package/hook/ament_prefix_path.dsv'
[1.114s] INFO:colcon.colcon_core.shell:Creating environment hook '/home/kyujin/ros2_study/install/my_first_package/share/my_first_package/hook/ament_prefix_path.sh'
[1.115s] INFO:colcon.colcon_core.shell:Skip shell extension 'powershell' for command environment: Not usable outside of PowerShell
[1.115s] DEBUG:colcon.colcon_core.shell:Skip shell extension 'dsv' for command environment
[1.119s] INFO:colcon.colcon_ros.task.ament_cmake.build:Building ROS package in '/home/kyujin/ros2_study/src/my_first_package_msgs' with build type 'ament_cmake'
[1.120s] INFO:colcon.colcon_cmake.task.cmake.build:Building CMake package in '/home/kyujin/ros2_study/src/my_first_package_msgs'
[1.120s] INFO:colcon.colcon_core.shell:Skip shell extension 'powershell' for command environment: Not usable outside of PowerShell
[1.120s] DEBUG:colcon.colcon_core.shell:Skip shell extension 'dsv' for command environment
[1.381s] INFO:colcon.colcon_core.task.python.build:Building Python package in '/home/kyujin/ros2_study/src/my_first_package'
[1.382s] INFO:colcon.colcon_core.shell:Skip shell extension 'powershell' for command environment: Not usable outside of PowerShell
[1.382s] DEBUG:colcon.colcon_core.shell:Skip shell extension 'dsv' for command environment
[1.391s] DEBUG:colcon.colcon_core.event_handler.log_command:Invoking command in '/home/kyujin/ros2_study/build/my_first_package_msgs': CMAKE_PREFIX_PATH=${CMAKE_PREFIX_PATH}:/home/kyujin/ros2_study/install/my_first_package:/opt/ros/humble /usr/bin/cmake --build /home/kyujin/ros2_study/build/my_first_package_msgs -- -j12 -l12
[2.402s] DEBUG:colcon.colcon_core.event_handler.log_command:Invoked command in '/home/kyujin/ros2_study/build/my_first_package_msgs' returned '0': CMAKE_PREFIX_PATH=${CMAKE_PREFIX_PATH}:/home/kyujin/ros2_study/install/my_first_package:/opt/ros/humble /usr/bin/cmake --build /home/kyujin/ros2_study/build/my_first_package_msgs -- -j12 -l12
[2.413s] DEBUG:colcon.colcon_core.event_handler.log_command:Invoking command in '/home/kyujin/ros2_study/build/my_first_package_msgs': CMAKE_PREFIX_PATH=${CMAKE_PREFIX_PATH}:/home/kyujin/ros2_study/install/my_first_package:/opt/ros/humble /usr/bin/cmake --install /home/kyujin/ros2_study/build/my_first_package_msgs
[2.417s] DEBUG:colcon.colcon_core.event_handler.log_command:Invoking command in '/home/kyujin/ros2_study/src/my_first_package': PYTHONPATH=/home/kyujin/ros2_study/build/my_first_package/prefix_override:/usr/lib/python3/dist-packages/colcon_core/task/python/colcon_distutils_commands:/home/kyujin/ros2_study/install/my_first_package/lib/python3.10/site-packages:${PYTHONPATH} /usr/bin/python3 -W ignore:setup.py install is deprecated -W ignore:easy_install command is deprecated setup.py egg_info --egg-base ../../build/my_first_package build --build-base /home/kyujin/ros2_study/build/my_first_package/build install --record /home/kyujin/ros2_study/build/my_first_package/install.log --single-version-externally-managed install_data
[2.519s] Level 1:colcon.colcon_core.environment:create_environment_scripts_only(my_first_package_msgs)
[2.520s] DEBUG:colcon.colcon_core.event_handler.log_command:Invoked command in '/home/kyujin/ros2_study/build/my_first_package_msgs' returned '0': CMAKE_PREFIX_PATH=${CMAKE_PREFIX_PATH}:/home/kyujin/ros2_study/install/my_first_package:/opt/ros/humble /usr/bin/cmake --install /home/kyujin/ros2_study/build/my_first_package_msgs
[2.527s] Level 1:colcon.colcon_core.environment:checking '/home/kyujin/ros2_study/install/my_first_package_msgs' for CMake module files
[2.528s] Level 1:colcon.colcon_core.environment:checking '/home/kyujin/ros2_study/install/my_first_package_msgs' for CMake config files
[2.533s] Level 1:colcon.colcon_core.shell:create_environment_hook('my_first_package_msgs', 'cmake_prefix_path')
[2.533s] INFO:colcon.colcon_core.shell:Creating environment hook '/home/kyujin/ros2_study/install/my_first_package_msgs/share/my_first_package_msgs/hook/cmake_prefix_path.ps1'
[2.534s] INFO:colcon.colcon_core.shell:Creating environment descriptor '/home/kyujin/ros2_study/install/my_first_package_msgs/share/my_first_package_msgs/hook/cmake_prefix_path.dsv'
[2.534s] INFO:colcon.colcon_core.shell:Creating environment hook '/home/kyujin/ros2_study/install/my_first_package_msgs/share/my_first_package_msgs/hook/cmake_prefix_path.sh'
[2.535s] Level 1:colcon.colcon_core.environment:checking '/home/kyujin/ros2_study/install/my_first_package_msgs/lib'
[2.535s] Level 1:colcon.colcon_core.shell:create_environment_hook('my_first_package_msgs', 'ld_library_path_lib')
[2.535s] INFO:colcon.colcon_core.shell:Creating environment hook '/home/kyujin/ros2_study/install/my_first_package_msgs/share/my_first_package_msgs/hook/ld_library_path_lib.ps1'
[2.536s] INFO:colcon.colcon_core.shell:Creating environment descriptor '/home/kyujin/ros2_study/install/my_first_package_msgs/share/my_first_package_msgs/hook/ld_library_path_lib.dsv'
[2.536s] INFO:colcon.colcon_core.shell:Creating environment hook '/home/kyujin/ros2_study/install/my_first_package_msgs/share/my_first_package_msgs/hook/ld_library_path_lib.sh'
[2.537s] Level 1:colcon.colcon_core.environment:checking '/home/kyujin/ros2_study/install/my_first_package_msgs/bin'
[2.537s] Level 1:colcon.colcon_core.environment:checking '/home/kyujin/ros2_study/install/my_first_package_msgs/lib/pkgconfig/my_first_package_msgs.pc'
[2.537s] Level 1:colcon.colcon_core.environment:checking '/home/kyujin/ros2_study/install/my_first_package_msgs/lib/python3.10/site-packages'
[2.537s] Level 1:colcon.colcon_core.environment:checking '/home/kyujin/ros2_study/install/my_first_package_msgs/bin'
[2.537s] INFO:colcon.colcon_core.shell:Creating package script '/home/kyujin/ros2_study/install/my_first_package_msgs/share/my_first_package_msgs/package.ps1'
[2.539s] INFO:colcon.colcon_core.shell:Creating package descriptor '/home/kyujin/ros2_study/install/my_first_package_msgs/share/my_first_package_msgs/package.dsv'
[2.542s] INFO:colcon.colcon_core.shell:Creating package script '/home/kyujin/ros2_study/install/my_first_package_msgs/share/my_first_package_msgs/package.sh'
[2.543s] INFO:colcon.colcon_core.shell:Creating package script '/home/kyujin/ros2_study/install/my_first_package_msgs/share/my_first_package_msgs/package.bash'
[2.544s] INFO:colcon.colcon_core.shell:Creating package script '/home/kyujin/ros2_study/install/my_first_package_msgs/share/my_first_package_msgs/package.zsh'
[2.545s] Level 1:colcon.colcon_core.environment:create_file_with_runtime_dependencies(/home/kyujin/ros2_study/install/my_first_package_msgs/share/colcon-core/packages/my_first_package_msgs)
[2.545s] Level 1:colcon.colcon_core.environment:create_environment_scripts_only(my_first_package_msgs)
[2.546s] Level 1:colcon.colcon_core.environment:checking '/home/kyujin/ros2_study/install/my_first_package_msgs' for CMake module files
[2.546s] Level 1:colcon.colcon_core.environment:checking '/home/kyujin/ros2_study/install/my_first_package_msgs' for CMake config files
[2.547s] Level 1:colcon.colcon_core.shell:create_environment_hook('my_first_package_msgs', 'cmake_prefix_path')
[2.547s] INFO:colcon.colcon_core.shell:Creating environment hook '/home/kyujin/ros2_study/install/my_first_package_msgs/share/my_first_package_msgs/hook/cmake_prefix_path.ps1'
[2.547s] INFO:colcon.colcon_core.shell:Creating environment descriptor '/home/kyujin/ros2_study/install/my_first_package_msgs/share/my_first_package_msgs/hook/cmake_prefix_path.dsv'
[2.548s] INFO:colcon.colcon_core.shell:Creating environment hook '/home/kyujin/ros2_study/install/my_first_package_msgs/share/my_first_package_msgs/hook/cmake_prefix_path.sh'
[2.548s] Level 1:colcon.colcon_core.environment:checking '/home/kyujin/ros2_study/install/my_first_package_msgs/lib'
[2.548s] Level 1:colcon.colcon_core.shell:create_environment_hook('my_first_package_msgs', 'ld_library_path_lib')
[2.549s] INFO:colcon.colcon_core.shell:Creating environment hook '/home/kyujin/ros2_study/install/my_first_package_msgs/share/my_first_package_msgs/hook/ld_library_path_lib.ps1'
[2.549s] INFO:colcon.colcon_core.shell:Creating environment descriptor '/home/kyujin/ros2_study/install/my_first_package_msgs/share/my_first_package_msgs/hook/ld_library_path_lib.dsv'
[2.549s] INFO:colcon.colcon_core.shell:Creating environment hook '/home/kyujin/ros2_study/install/my_first_package_msgs/share/my_first_package_msgs/hook/ld_library_path_lib.sh'
[2.550s] Level 1:colcon.colcon_core.environment:checking '/home/kyujin/ros2_study/install/my_first_package_msgs/bin'
[2.550s] Level 1:colcon.colcon_core.environment:checking '/home/kyujin/ros2_study/install/my_first_package_msgs/lib/pkgconfig/my_first_package_msgs.pc'
[2.550s] Level 1:colcon.colcon_core.environment:checking '/home/kyujin/ros2_study/install/my_first_package_msgs/lib/python3.10/site-packages'
[2.550s] Level 1:colcon.colcon_core.environment:checking '/home/kyujin/ros2_study/install/my_first_package_msgs/bin'
[2.550s] INFO:colcon.colcon_core.shell:Creating package script '/home/kyujin/ros2_study/install/my_first_package_msgs/share/my_first_package_msgs/package.ps1'
[2.551s] INFO:colcon.colcon_core.shell:Creating package descriptor '/home/kyujin/ros2_study/install/my_first_package_msgs/share/my_first_package_msgs/package.dsv'
[2.551s] INFO:colcon.colcon_core.shell:Creating package script '/home/kyujin/ros2_study/install/my_first_package_msgs/share/my_first_package_msgs/package.sh'
[2.552s] INFO:colcon.colcon_core.shell:Creating package script '/home/kyujin/ros2_study/install/my_first_package_msgs/share/my_first_package_msgs/package.bash'
[2.553s] INFO:colcon.colcon_core.shell:Creating package script '/home/kyujin/ros2_study/install/my_first_package_msgs/share/my_first_package_msgs/package.zsh'
[2.553s] Level 1:colcon.colcon_core.environment:create_file_with_runtime_dependencies(/home/kyujin/ros2_study/install/my_first_package_msgs/share/colcon-core/packages/my_first_package_msgs)
[2.707s] Level 1:colcon.colcon_core.environment:checking '/home/kyujin/ros2_study/install/my_first_package' for CMake module files
[2.708s] DEBUG:colcon.colcon_core.event_handler.log_command:Invoked command in '/home/kyujin/ros2_study/src/my_first_package' returned '0': PYTHONPATH=/home/kyujin/ros2_study/build/my_first_package/prefix_override:/usr/lib/python3/dist-packages/colcon_core/task/python/colcon_distutils_commands:/home/kyujin/ros2_study/install/my_first_package/lib/python3.10/site-packages:${PYTHONPATH} /usr/bin/python3 -W ignore:setup.py install is deprecated -W ignore:easy_install command is deprecated setup.py egg_info --egg-base ../../build/my_first_package build --build-base /home/kyujin/ros2_study/build/my_first_package/build install --record /home/kyujin/ros2_study/build/my_first_package/install.log --single-version-externally-managed install_data
[2.709s] Level 1:colcon.colcon_core.environment:checking '/home/kyujin/ros2_study/install/my_first_package' for CMake config files
[2.714s] Level 1:colcon.colcon_core.environment:checking '/home/kyujin/ros2_study/install/my_first_package/lib'
[2.714s] Level 1:colcon.colcon_core.environment:checking '/home/kyujin/ros2_study/install/my_first_package/bin'
[2.714s] Level 1:colcon.colcon_core.environment:checking '/home/kyujin/ros2_study/install/my_first_package/lib/pkgconfig/my_first_package.pc'
[2.714s] Level 1:colcon.colcon_core.environment:checking '/home/kyujin/ros2_study/install/my_first_package/lib/python3.10/site-packages'
[2.714s] Level 1:colcon.colcon_core.shell:create_environment_hook('my_first_package', 'pythonpath')
[2.714s] INFO:colcon.colcon_core.shell:Creating environment hook '/home/kyujin/ros2_study/install/my_first_package/share/my_first_package/hook/pythonpath.ps1'
[2.715s] INFO:colcon.colcon_core.shell:Creating environment descriptor '/home/kyujin/ros2_study/install/my_first_package/share/my_first_package/hook/pythonpath.dsv'
[2.715s] INFO:colcon.colcon_core.shell:Creating environment hook '/home/kyujin/ros2_study/install/my_first_package/share/my_first_package/hook/pythonpath.sh'
[2.716s] Level 1:colcon.colcon_core.environment:checking '/home/kyujin/ros2_study/install/my_first_package/bin'
[2.716s] Level 1:colcon.colcon_core.environment:create_environment_scripts_only(my_first_package)
[2.716s] INFO:colcon.colcon_core.shell:Creating package script '/home/kyujin/ros2_study/install/my_first_package/share/my_first_package/package.ps1'
[2.716s] INFO:colcon.colcon_core.shell:Creating package descriptor '/home/kyujin/ros2_study/install/my_first_package/share/my_first_package/package.dsv'
[2.717s] INFO:colcon.colcon_core.shell:Creating package script '/home/kyujin/ros2_study/install/my_first_package/share/my_first_package/package.sh'
[2.717s] INFO:colcon.colcon_core.shell:Creating package script '/home/kyujin/ros2_study/install/my_first_package/share/my_first_package/package.bash'
[2.718s] INFO:colcon.colcon_core.shell:Creating package script '/home/kyujin/ros2_study/install/my_first_package/share/my_first_package/package.zsh'
[2.718s] Level 1:colcon.colcon_core.environment:create_file_with_runtime_dependencies(/home/kyujin/ros2_study/install/my_first_package/share/colcon-core/packages/my_first_package)
[2.718s] DEBUG:colcon.colcon_parallel_executor.executor.parallel:closing loop
[2.719s] DEBUG:colcon.colcon_parallel_executor.executor.parallel:loop closed
[2.719s] DEBUG:colcon.colcon_parallel_executor.executor.parallel:run_until_complete finished with '0'
[2.719s] DEBUG:colcon.colcon_core.event_reactor:joining thread
[2.748s] INFO:colcon.colcon_core.plugin_system:Skipping extension 'colcon_notification.desktop_notification.notify_send': Could not find 'notify-send'
[2.748s] INFO:colcon.colcon_core.plugin_system:Skipping extension 'colcon_notification.desktop_notification.terminal_notifier': Not used on non-Darwin systems
[2.748s] INFO:colcon.colcon_core.plugin_system:Skipping extension 'colcon_notification.desktop_notification.win32': Not used on non-Windows systems
[2.748s] INFO:colcon.colcon_notification.desktop_notification:Sending desktop notification using 'notify2'
[2.748s] DEBUG:colcon.colcon_notification.desktop_notification.notify2:Failed to initialize notify2: org.freedesktop.DBus.Error.FileNotFound: Failed to connect to socket /run/user/1000/bus: No such file or directory
[2.748s] DEBUG:colcon.colcon_core.event_reactor:joined thread
[2.749s] INFO:colcon.colcon_core.shell:Creating prefix script '/home/kyujin/ros2_study/install/local_setup.ps1'
[2.750s] INFO:colcon.colcon_core.shell:Creating prefix util module '/home/kyujin/ros2_study/install/_local_setup_util_ps1.py'
[2.752s] INFO:colcon.colcon_core.shell:Creating prefix chain script '/home/kyujin/ros2_study/install/setup.ps1'
[2.753s] INFO:colcon.colcon_core.shell:Creating prefix script '/home/kyujin/ros2_study/install/local_setup.sh'
[2.755s] INFO:colcon.colcon_core.shell:Creating prefix util module '/home/kyujin/ros2_study/install/_local_setup_util_sh.py'
[2.756s] INFO:colcon.colcon_core.shell:Creating prefix chain script '/home/kyujin/ros2_study/install/setup.sh'
[2.758s] INFO:colcon.colcon_core.shell:Creating prefix script '/home/kyujin/ros2_study/install/local_setup.bash'
[2.759s] INFO:colcon.colcon_core.shell:Creating prefix chain script '/home/kyujin/ros2_study/install/setup.bash'
[2.761s] INFO:colcon.colcon_core.shell:Creating prefix script '/home/kyujin/ros2_study/install/local_setup.zsh'
[2.762s] INFO:colcon.colcon_core.shell:Creating prefix chain script '/home/kyujin/ros2_study/install/setup.zsh'
