[ 10%] Built target my_first_package_msgs__rosidl_generator_c
[ 12%] Built target my_first_package_msgs__cpp
[ 12%] Built target ament_cmake_python_copy_my_first_package_msgs
[ 33%] Built target my_first_package_msgs__rosidl_typesupport_c
[ 33%] Built target my_first_package_msgs__rosidl_typesupport_introspection_c
[ 43%] Built target my_first_package_msgs__rosidl_typesupport_fastrtps_c
[ 53%] Built target my_first_package_msgs__rosidl_typesupport_fastrtps_cpp
[ 66%] Built target my_first_package_msgs__rosidl_typesupport_introspection_cpp
[ 74%] Built target my_first_package_msgs__rosidl_typesupport_cpp
Fatal Python error: init_import_site: Failed to import the site module
Python runtime state: initialized
Traceback (most recent call last):
  File "/usr/lib/python3.10/site.py", line 79, in <module>
gmake[2]: *** [CMakeFiles/my_first_package_msgs.dir/build.make:87: CMakeFiles/my_first_package_msgs.dir/depend] Interrupt
gmake[1]: *** [CMakeFiles/Makefile2:186: CMakeFiles/my_first_package_msgs.dir/all] Interrupt
    import os
  File "/usr/lib/python3.10/os.py", line 29, in <module>
    from _collections_abc import _check_methods
  File "/usr/lib/python3.10/_collections_abc.py", line 1092, in <module>
    class ByteString(Sequence):
  File "/usr/lib/python3.10/abc.py", line 106, in __new__
    cls = super().__new__(mcls, name, bases, namespace, **kwargs)
KeyboardInterrupt
gmake[2]: *** [CMakeFiles/ament_cmake_python_build_my_first_package_msgs_egg.dir/build.make:70: CMakeFiles/ament_cmake_python_build_my_first_package_msgs_egg] Interrupt
gmake[1]: *** [CMakeFiles/Makefile2:447: CMakeFiles/ament_cmake_python_build_my_first_package_msgs_egg.dir/all] Interrupt
gmake: *** [Makefile:146: all] Interrupt
