[0.596s] Invoking command in '/home/kyujin/ros2_study/src/my_first_package': PYTHONPATH=/home/kyujin/ros2_study/build/my_first_package/prefix_override:/usr/lib/python3/dist-packages/colcon_core/task/python/colcon_distutils_commands:/home/kyujin/ros2_study/install/my_first_package/lib/python3.10/site-packages:${PYTHONPATH} /usr/bin/python3 -W ignore:setup.py install is deprecated -W ignore:easy_install command is deprecated setup.py egg_info --egg-base ../../build/my_first_package build --build-base /home/kyujin/ros2_study/build/my_first_package/build install --record /home/kyujin/ros2_study/build/my_first_package/install.log --single-version-externally-managed install_data
[0.820s] running egg_info
[0.821s] creating ../../build/my_first_package/my_first_package.egg-info
[0.821s] writing ../../build/my_first_package/my_first_package.egg-info/PKG-INFO
[0.822s] writing dependency_links to ../../build/my_first_package/my_first_package.egg-info/dependency_links.txt
[0.822s] writing entry points to ../../build/my_first_package/my_first_package.egg-info/entry_points.txt
[0.822s] writing requirements to ../../build/my_first_package/my_first_package.egg-info/requires.txt
[0.822s] writing top-level names to ../../build/my_first_package/my_first_package.egg-info/top_level.txt
[0.822s] writing manifest file '../../build/my_first_package/my_first_package.egg-info/SOURCES.txt'
[0.824s] reading manifest file '../../build/my_first_package/my_first_package.egg-info/SOURCES.txt'
[0.825s] writing manifest file '../../build/my_first_package/my_first_package.egg-info/SOURCES.txt'
[0.825s] running build
[0.825s] running build_py
[0.825s] creating /home/kyujin/ros2_study/build/my_first_package/build
[0.825s] creating /home/kyujin/ros2_study/build/my_first_package/build/lib
[0.826s] creating /home/kyujin/ros2_study/build/my_first_package/build/lib/my_first_package
[0.826s] copying my_first_package/my_publisher.py -> /home/kyujin/ros2_study/build/my_first_package/build/lib/my_first_package
[0.827s] copying my_first_package/my_first_node.py -> /home/kyujin/ros2_study/build/my_first_package/build/lib/my_first_package
[0.827s] copying my_first_package/my_subscriber.py -> /home/kyujin/ros2_study/build/my_first_package/build/lib/my_first_package
[0.827s] copying my_first_package/__init__.py -> /home/kyujin/ros2_study/build/my_first_package/build/lib/my_first_package
[0.828s] copying my_first_package/turtle_cmd_and_pose.py -> /home/kyujin/ros2_study/build/my_first_package/build/lib/my_first_package
[0.828s] running install
[0.828s] running install_lib
[0.829s] creating /home/kyujin/ros2_study/install/my_first_package/lib/python3.10/site-packages/my_first_package
[0.829s] copying /home/kyujin/ros2_study/build/my_first_package/build/lib/my_first_package/my_publisher.py -> /home/kyujin/ros2_study/install/my_first_package/lib/python3.10/site-packages/my_first_package
[0.830s] copying /home/kyujin/ros2_study/build/my_first_package/build/lib/my_first_package/my_first_node.py -> /home/kyujin/ros2_study/install/my_first_package/lib/python3.10/site-packages/my_first_package
[0.830s] copying /home/kyujin/ros2_study/build/my_first_package/build/lib/my_first_package/my_subscriber.py -> /home/kyujin/ros2_study/install/my_first_package/lib/python3.10/site-packages/my_first_package
[0.830s] copying /home/kyujin/ros2_study/build/my_first_package/build/lib/my_first_package/__init__.py -> /home/kyujin/ros2_study/install/my_first_package/lib/python3.10/site-packages/my_first_package
[0.830s] copying /home/kyujin/ros2_study/build/my_first_package/build/lib/my_first_package/turtle_cmd_and_pose.py -> /home/kyujin/ros2_study/install/my_first_package/lib/python3.10/site-packages/my_first_package
[0.831s] byte-compiling /home/kyujin/ros2_study/install/my_first_package/lib/python3.10/site-packages/my_first_package/my_publisher.py to my_publisher.cpython-310.pyc
[0.831s] byte-compiling /home/kyujin/ros2_study/install/my_first_package/lib/python3.10/site-packages/my_first_package/my_first_node.py to my_first_node.cpython-310.pyc
[0.832s] byte-compiling /home/kyujin/ros2_study/install/my_first_package/lib/python3.10/site-packages/my_first_package/my_subscriber.py to my_subscriber.cpython-310.pyc
[0.832s] byte-compiling /home/kyujin/ros2_study/install/my_first_package/lib/python3.10/site-packages/my_first_package/__init__.py to __init__.cpython-310.pyc
[0.832s] byte-compiling /home/kyujin/ros2_study/install/my_first_package/lib/python3.10/site-packages/my_first_package/turtle_cmd_and_pose.py to turtle_cmd_and_pose.cpython-310.pyc
[0.833s] running install_data
[0.833s] creating /home/kyujin/ros2_study/install/my_first_package/share/ament_index
[0.833s] creating /home/kyujin/ros2_study/install/my_first_package/share/ament_index/resource_index
[0.833s] creating /home/kyujin/ros2_study/install/my_first_package/share/ament_index/resource_index/packages
[0.833s] copying resource/my_first_package -> /home/kyujin/ros2_study/install/my_first_package/share/ament_index/resource_index/packages
[0.834s] copying package.xml -> /home/kyujin/ros2_study/install/my_first_package/share/my_first_package
[0.834s] running install_egg_info
[0.835s] Copying ../../build/my_first_package/my_first_package.egg-info to /home/kyujin/ros2_study/install/my_first_package/lib/python3.10/site-packages/my_first_package-0.0.0-py3.10.egg-info
[0.836s] running install_scripts
[0.856s] Installing my_first_node script to /home/kyujin/ros2_study/install/my_first_package/lib/my_first_package
[0.857s] Installing my_publisher script to /home/kyujin/ros2_study/install/my_first_package/lib/my_first_package
[0.857s] Installing my_subscriber script to /home/kyujin/ros2_study/install/my_first_package/lib/my_first_package
[0.857s] Installing turtle_cmd_and_pose script to /home/kyujin/ros2_study/install/my_first_package/lib/my_first_package
[0.857s] writing list of installed files to '/home/kyujin/ros2_study/build/my_first_package/install.log'
[0.884s] Invoked command in '/home/kyujin/ros2_study/src/my_first_package' returned '0': PYTHONPATH=/home/kyujin/ros2_study/build/my_first_package/prefix_override:/usr/lib/python3/dist-packages/colcon_core/task/python/colcon_distutils_commands:/home/kyujin/ros2_study/install/my_first_package/lib/python3.10/site-packages:${PYTHONPATH} /usr/bin/python3 -W ignore:setup.py install is deprecated -W ignore:easy_install command is deprecated setup.py egg_info --egg-base ../../build/my_first_package build --build-base /home/kyujin/ros2_study/build/my_first_package/build install --record /home/kyujin/ros2_study/build/my_first_package/install.log --single-version-externally-managed install_data
