-- Found ament_cmake: 1.3.13 (/opt/ros/humble/share/ament_cmake/cmake)
-- Found rclcpp: 16.0.18 (/opt/ros/humble/share/rclcpp/cmake)
-- Found rosidl_generator_c: 3.1.8 (/opt/ros/humble/share/rosidl_generator_c/cmake)
-- Found rosidl_adapter: 3.1.8 (/opt/ros/humble/share/rosidl_adapter/cmake)
-- Found rosidl_generator_cpp: 3.1.8 (/opt/ros/humble/share/rosidl_generator_cpp/cmake)
-- Using all available rosidl_typesupport_c: rosidl_typesupport_fastrtps_c;rosidl_typesupport_introspection_c
-- Using all available rosidl_typesupport_cpp: rosidl_typesupport_fastrtps_cpp;rosidl_typesupport_introspection_cpp
-- Found rmw_implementation_cmake: 6.1.2 (/opt/ros/humble/share/rmw_implementation_cmake/cmake)
-- Found rmw_fastrtps_cpp: 6.2.10 (/opt/ros/humble/share/rmw_fastrtps_cpp/cmake)
-- Found OpenSSL: /usr/lib/x86_64-linux-gnu/libcrypto.so (found version "3.0.2")  
-- Found FastRTPS: /opt/ros/humble/include  
-- Using RMW implementation 'rmw_fastrtps_cpp' as default
-- Looking for pthread.h
-- Looking for pthread.h - found
-- Performing Test CMAKE_HAVE_LIBC_PTHREAD
-- Performing Test CMAKE_HAVE_LIBC_PTHREAD - Success
-- Found Threads: TRUE  
-- Found rclcpp_action: 16.0.18 (/opt/ros/humble/share/rclcpp_action/cmake)
-- Found turtlesim: 1.4.3 (/opt/ros/humble/share/turtlesim/cmake)
-- Found geometry_msgs: 4.9.1 (/opt/ros/humble/share/geometry_msgs/cmake)
-- Found my_first_package_msgs: 0.0.0 (/home/kyujin/ros2_study/install/my_first_package_msgs/share/my_first_package_msgs/cmake)
-- Configuring done
-- Generating done
-- Build files have been written to: /home/kyujin/ros2_study/build/my_second_package
[ 50%] [32mBuilding CXX object CMakeFiles/dist_turtle_action_server.dir/src/dist_turtle_action_server.cpp.o[0m
[100%] [32m[1mLinking CXX executable dist_turtle_action_server[0m
[100%] Built target dist_turtle_action_server
-- Install configuration: ""
-- Installing: /home/kyujin/ros2_study/install/my_second_package/lib/my_second_package/dist_turtle_action_server
-- Set runtime path of "/home/kyujin/ros2_study/install/my_second_package/lib/my_second_package/dist_turtle_action_server" to ""
-- Installing: /home/kyujin/ros2_study/install/my_second_package/share/ament_index/resource_index/package_run_dependencies/my_second_package
-- Installing: /home/kyujin/ros2_study/install/my_second_package/share/ament_index/resource_index/parent_prefix_path/my_second_package
-- Installing: /home/kyujin/ros2_study/install/my_second_package/share/my_second_package/environment/ament_prefix_path.sh
-- Installing: /home/kyujin/ros2_study/install/my_second_package/share/my_second_package/environment/ament_prefix_path.dsv
-- Installing: /home/kyujin/ros2_study/install/my_second_package/share/my_second_package/environment/path.sh
-- Installing: /home/kyujin/ros2_study/install/my_second_package/share/my_second_package/environment/path.dsv
-- Installing: /home/kyujin/ros2_study/install/my_second_package/share/my_second_package/local_setup.bash
-- Installing: /home/kyujin/ros2_study/install/my_second_package/share/my_second_package/local_setup.sh
-- Installing: /home/kyujin/ros2_study/install/my_second_package/share/my_second_package/local_setup.zsh
-- Installing: /home/kyujin/ros2_study/install/my_second_package/share/my_second_package/local_setup.dsv
-- Installing: /home/kyujin/ros2_study/install/my_second_package/share/my_second_package/package.dsv
-- Installing: /home/kyujin/ros2_study/install/my_second_package/share/ament_index/resource_index/packages/my_second_package
-- Installing: /home/kyujin/ros2_study/install/my_second_package/share/my_second_package/cmake/my_second_packageConfig.cmake
-- Installing: /home/kyujin/ros2_study/install/my_second_package/share/my_second_package/cmake/my_second_packageConfig-version.cmake
-- Installing: /home/kyujin/ros2_study/install/my_second_package/share/my_second_package/package.xml
