[0.266s] Invoking command in '/home/kyujin/ros2_study/build/my_second_package': CMAKE_PREFIX_PATH=${CMAKE_PREFIX_PATH}:/home/kyujin/ros2_study/install/my_first_package:/opt/ros/humble /usr/bin/cmake /home/kyujin/ros2_study/src/my_second_package -DCMAKE_INSTALL_PREFIX=/home/kyujin/ros2_study/install/my_second_package
[0.300s] -- Found ament_cmake: 1.3.13 (/opt/ros/humble/share/ament_cmake/cmake)
[0.514s] -- Found rclcpp: 16.0.18 (/opt/ros/humble/share/rclcpp/cmake)
[0.666s] -- Found rosidl_generator_c: 3.1.8 (/opt/ros/humble/share/rosidl_generator_c/cmake)
[0.675s] -- Found rosidl_adapter: 3.1.8 (/opt/ros/humble/share/rosidl_adapter/cmake)
[0.689s] -- Found rosidl_generator_cpp: 3.1.8 (/opt/ros/humble/share/rosidl_generator_cpp/cmake)
[0.716s] -- Using all available rosidl_typesupport_c: rosidl_typesupport_fastrtps_c;rosidl_typesupport_introspection_c
[0.746s] -- Using all available rosidl_typesupport_cpp: rosidl_typesupport_fastrtps_cpp;rosidl_typesupport_introspection_cpp
[0.825s] -- Found rmw_implementation_cmake: 6.1.2 (/opt/ros/humble/share/rmw_implementation_cmake/cmake)
[0.830s] -- Found rmw_fastrtps_cpp: 6.2.10 (/opt/ros/humble/share/rmw_fastrtps_cpp/cmake)
[1.481s] -- Found OpenSSL: /usr/lib/x86_64-linux-gnu/libcrypto.so (found version "3.0.2")  
[2.088s] -- Found FastRTPS: /opt/ros/humble/include  
[3.154s] -- Using RMW implementation 'rmw_fastrtps_cpp' as default
[3.173s] -- Looking for pthread.h
[3.283s] -- Looking for pthread.h - found
[3.283s] -- Performing Test CMAKE_HAVE_LIBC_PTHREAD
[3.381s] -- Performing Test CMAKE_HAVE_LIBC_PTHREAD - Success
[3.382s] -- Found Threads: TRUE  
[3.471s] -- Found rclcpp_action: 16.0.18 (/opt/ros/humble/share/rclcpp_action/cmake)
[3.531s] -- Found turtlesim: 1.4.3 (/opt/ros/humble/share/turtlesim/cmake)
[3.557s] -- Found geometry_msgs: 4.9.1 (/opt/ros/humble/share/geometry_msgs/cmake)
[3.579s] -- Found my_first_package_msgs: 0.0.0 (/home/kyujin/ros2_study/install/my_first_package_msgs/share/my_first_package_msgs/cmake)
[3.679s] -- Configuring done
[3.692s] -- Generating done
[3.695s] -- Build files have been written to: /home/kyujin/ros2_study/build/my_second_package
[3.703s] Invoked command in '/home/kyujin/ros2_study/build/my_second_package' returned '0': CMAKE_PREFIX_PATH=${CMAKE_PREFIX_PATH}:/home/kyujin/ros2_study/install/my_first_package:/opt/ros/humble /usr/bin/cmake /home/kyujin/ros2_study/src/my_second_package -DCMAKE_INSTALL_PREFIX=/home/kyujin/ros2_study/install/my_second_package
[3.704s] Invoking command in '/home/kyujin/ros2_study/build/my_second_package': CMAKE_PREFIX_PATH=${CMAKE_PREFIX_PATH}:/home/kyujin/ros2_study/install/my_first_package:/opt/ros/humble /usr/bin/cmake --build /home/kyujin/ros2_study/build/my_second_package -- -j12 -l12
[3.749s] [ 50%] [32mBuilding CXX object CMakeFiles/dist_turtle_action_server.dir/src/dist_turtle_action_server.cpp.o[0m
[12.051s] [100%] [32m[1mLinking CXX executable dist_turtle_action_server[0m
[12.581s] [100%] Built target dist_turtle_action_server
[12.592s] Invoked command in '/home/kyujin/ros2_study/build/my_second_package' returned '0': CMAKE_PREFIX_PATH=${CMAKE_PREFIX_PATH}:/home/kyujin/ros2_study/install/my_first_package:/opt/ros/humble /usr/bin/cmake --build /home/kyujin/ros2_study/build/my_second_package -- -j12 -l12
[12.594s] Invoking command in '/home/kyujin/ros2_study/build/my_second_package': CMAKE_PREFIX_PATH=${CMAKE_PREFIX_PATH}:/home/kyujin/ros2_study/install/my_first_package:/opt/ros/humble /usr/bin/cmake --install /home/kyujin/ros2_study/build/my_second_package
[12.601s] -- Install configuration: ""
[12.601s] -- Installing: /home/kyujin/ros2_study/install/my_second_package/lib/my_second_package/dist_turtle_action_server
[12.605s] -- Set runtime path of "/home/kyujin/ros2_study/install/my_second_package/lib/my_second_package/dist_turtle_action_server" to ""
[12.606s] -- Installing: /home/kyujin/ros2_study/install/my_second_package/share/ament_index/resource_index/package_run_dependencies/my_second_package
[12.606s] -- Installing: /home/kyujin/ros2_study/install/my_second_package/share/ament_index/resource_index/parent_prefix_path/my_second_package
[12.607s] -- Installing: /home/kyujin/ros2_study/install/my_second_package/share/my_second_package/environment/ament_prefix_path.sh
[12.607s] -- Installing: /home/kyujin/ros2_study/install/my_second_package/share/my_second_package/environment/ament_prefix_path.dsv
[12.607s] -- Installing: /home/kyujin/ros2_study/install/my_second_package/share/my_second_package/environment/path.sh
[12.607s] -- Installing: /home/kyujin/ros2_study/install/my_second_package/share/my_second_package/environment/path.dsv
[12.608s] -- Installing: /home/kyujin/ros2_study/install/my_second_package/share/my_second_package/local_setup.bash
[12.608s] -- Installing: /home/kyujin/ros2_study/install/my_second_package/share/my_second_package/local_setup.sh
[12.608s] -- Installing: /home/kyujin/ros2_study/install/my_second_package/share/my_second_package/local_setup.zsh
[12.608s] -- Installing: /home/kyujin/ros2_study/install/my_second_package/share/my_second_package/local_setup.dsv
[12.608s] -- Installing: /home/kyujin/ros2_study/install/my_second_package/share/my_second_package/package.dsv
[12.609s] -- Installing: /home/kyujin/ros2_study/install/my_second_package/share/ament_index/resource_index/packages/my_second_package
[12.609s] -- Installing: /home/kyujin/ros2_study/install/my_second_package/share/my_second_package/cmake/my_second_packageConfig.cmake
[12.609s] -- Installing: /home/kyujin/ros2_study/install/my_second_package/share/my_second_package/cmake/my_second_packageConfig-version.cmake
[12.610s] -- Installing: /home/kyujin/ros2_study/install/my_second_package/share/my_second_package/package.xml
[12.612s] Invoked command in '/home/kyujin/ros2_study/build/my_second_package' returned '0': CMAKE_PREFIX_PATH=${CMAKE_PREFIX_PATH}:/home/kyujin/ros2_study/install/my_first_package:/opt/ros/humble /usr/bin/cmake --install /home/kyujin/ros2_study/build/my_second_package
