[0.258s] Invoking command in '/home/kyujin/ros2_study/build/my_second_package': CMAKE_PREFIX_PATH=${CMAKE_PREFIX_PATH}:/home/kyujin/ros2_study/install/my_first_package:/opt/ros/humble /usr/bin/cmake --build /home/kyujin/ros2_study/build/my_second_package -- -j12 -l12
[0.293s] [35m[1mConsolidate compiler generated dependencies of target dist_turtle_action_server[0m
[0.318s] [100%] Built target dist_turtle_action_server
[0.334s] Invoked command in '/home/kyujin/ros2_study/build/my_second_package' returned '0': CMAKE_PREFIX_PATH=${CMAKE_PREFIX_PATH}:/home/kyujin/ros2_study/install/my_first_package:/opt/ros/humble /usr/bin/cmake --build /home/kyujin/ros2_study/build/my_second_package -- -j12 -l12
[0.347s] Invoking command in '/home/kyujin/ros2_study/build/my_second_package': CMAKE_PREFIX_PATH=${CMAKE_PREFIX_PATH}:/home/kyujin/ros2_study/install/my_first_package:/opt/ros/humble /usr/bin/cmake --install /home/kyujin/ros2_study/build/my_second_package
[0.354s] -- Install configuration: ""
[0.354s] -- Up-to-date: /home/kyujin/ros2_study/install/my_second_package/lib/my_second_package/dist_turtle_action_server
[0.354s] -- Up-to-date: /home/kyujin/ros2_study/install/my_second_package/share/ament_index/resource_index/package_run_dependencies/my_second_package
[0.355s] -- Up-to-date: /home/kyujin/ros2_study/install/my_second_package/share/ament_index/resource_index/parent_prefix_path/my_second_package
[0.355s] -- Up-to-date: /home/kyujin/ros2_study/install/my_second_package/share/my_second_package/environment/ament_prefix_path.sh
[0.355s] -- Up-to-date: /home/kyujin/ros2_study/install/my_second_package/share/my_second_package/environment/ament_prefix_path.dsv
[0.355s] -- Up-to-date: /home/kyujin/ros2_study/install/my_second_package/share/my_second_package/environment/path.sh
[0.355s] -- Up-to-date: /home/kyujin/ros2_study/install/my_second_package/share/my_second_package/environment/path.dsv
[0.356s] -- Up-to-date: /home/kyujin/ros2_study/install/my_second_package/share/my_second_package/local_setup.bash
[0.356s] -- Up-to-date: /home/kyujin/ros2_study/install/my_second_package/share/my_second_package/local_setup.sh
[0.356s] -- Up-to-date: /home/kyujin/ros2_study/install/my_second_package/share/my_second_package/local_setup.zsh
[0.356s] -- Up-to-date: /home/kyujin/ros2_study/install/my_second_package/share/my_second_package/local_setup.dsv
[0.356s] -- Installing: /home/kyujin/ros2_study/install/my_second_package/share/my_second_package/package.dsv
[0.356s] -- Up-to-date: /home/kyujin/ros2_study/install/my_second_package/share/ament_index/resource_index/packages/my_second_package
[0.356s] -- Up-to-date: /home/kyujin/ros2_study/install/my_second_package/share/my_second_package/cmake/my_second_packageConfig.cmake
[0.357s] -- Up-to-date: /home/kyujin/ros2_study/install/my_second_package/share/my_second_package/cmake/my_second_packageConfig-version.cmake
[0.357s] -- Up-to-date: /home/kyujin/ros2_study/install/my_second_package/share/my_second_package/package.xml
[0.359s] Invoked command in '/home/kyujin/ros2_study/build/my_second_package' returned '0': CMAKE_PREFIX_PATH=${CMAKE_PREFIX_PATH}:/home/kyujin/ros2_study/install/my_first_package:/opt/ros/humble /usr/bin/cmake --install /home/kyujin/ros2_study/build/my_second_package
