[0.255s] Invoking command in '/home/kyujin/ros2_study/build/my_first_package_msgs': CMAKE_PREFIX_PATH=${CMAKE_PREFIX_PATH}:/home/kyujin/ros2_study/install/my_first_package:/opt/ros/humble /usr/bin/cmake --build /home/kyujin/ros2_study/build/my_first_package_msgs -- -j12 -l12
[0.379s] [  2%] Built target my_first_package_msgs__cpp
[0.382s] [ 12%] Built target my_first_package_msgs__rosidl_generator_c
[0.410s] [ 12%] Built target ament_cmake_python_copy_my_first_package_msgs
[0.416s] [ 23%] Built target my_first_package_msgs__rosidl_typesupport_c
[0.417s] [ 34%] Built target my_first_package_msgs__rosidl_typesupport_cpp
[0.417s] [ 44%] Built target my_first_package_msgs__rosidl_typesupport_introspection_c
[0.417s] [ 55%] Built target my_first_package_msgs__rosidl_typesupport_introspection_cpp
[0.419s] [ 65%] Built target my_first_package_msgs__rosidl_typesupport_fastrtps_c
[0.420s] [ 76%] Built target my_first_package_msgs__rosidl_typesupport_fastrtps_cpp
[0.442s] [ 76%] Built target my_first_package_msgs
[0.464s] [ 78%] Built target my_first_package_msgs__py
[0.490s] [ 87%] Built target my_first_package_msgs__rosidl_generator_py
[0.517s] [ 95%] Built target my_first_package_msgs__rosidl_typesupport_introspection_c__pyext
[0.517s] [ 95%] Built target my_first_package_msgs__rosidl_typesupport_c__pyext
[0.519s] [100%] Built target my_first_package_msgs__rosidl_typesupport_fastrtps_c__pyext
[0.658s] running egg_info
[0.659s] writing my_first_package_msgs.egg-info/PKG-INFO
[0.659s] writing dependency_links to my_first_package_msgs.egg-info/dependency_links.txt
[0.660s] writing top-level names to my_first_package_msgs.egg-info/top_level.txt
[0.662s] reading manifest file 'my_first_package_msgs.egg-info/SOURCES.txt'
[0.663s] writing manifest file 'my_first_package_msgs.egg-info/SOURCES.txt'
[0.689s] [100%] Built target ament_cmake_python_build_my_first_package_msgs_egg
[0.702s] Invoked command in '/home/kyujin/ros2_study/build/my_first_package_msgs' returned '0': CMAKE_PREFIX_PATH=${CMAKE_PREFIX_PATH}:/home/kyujin/ros2_study/install/my_first_package:/opt/ros/humble /usr/bin/cmake --build /home/kyujin/ros2_study/build/my_first_package_msgs -- -j12 -l12
[0.713s] Invoking command in '/home/kyujin/ros2_study/build/my_first_package_msgs': CMAKE_PREFIX_PATH=${CMAKE_PREFIX_PATH}:/home/kyujin/ros2_study/install/my_first_package:/opt/ros/humble /usr/bin/cmake --install /home/kyujin/ros2_study/build/my_first_package_msgs
[0.723s] -- Install configuration: ""
[0.724s] -- Up-to-date: /home/kyujin/ros2_study/install/my_first_package_msgs/share/ament_index/resource_index/rosidl_interfaces/my_first_package_msgs
[0.724s] -- Up-to-date: /home/kyujin/ros2_study/install/my_first_package_msgs/include/my_first_package_msgs/my_first_package_msgs
[0.725s] -- Up-to-date: /home/kyujin/ros2_study/install/my_first_package_msgs/include/my_first_package_msgs/my_first_package_msgs/action
[0.726s] -- Up-to-date: /home/kyujin/ros2_study/install/my_first_package_msgs/include/my_first_package_msgs/my_first_package_msgs/action/detail
[0.726s] -- Up-to-date: /home/kyujin/ros2_study/install/my_first_package_msgs/include/my_first_package_msgs/my_first_package_msgs/action/detail/dist_turtle__functions.h
[0.726s] -- Up-to-date: /home/kyujin/ros2_study/install/my_first_package_msgs/include/my_first_package_msgs/my_first_package_msgs/action/detail/dist_turtle__functions.c
[0.726s] -- Up-to-date: /home/kyujin/ros2_study/install/my_first_package_msgs/include/my_first_package_msgs/my_first_package_msgs/action/detail/dist_turtle__struct.h
[0.726s] -- Up-to-date: /home/kyujin/ros2_study/install/my_first_package_msgs/include/my_first_package_msgs/my_first_package_msgs/action/detail/dist_turtle__type_support.h
[0.727s] -- Up-to-date: /home/kyujin/ros2_study/install/my_first_package_msgs/include/my_first_package_msgs/my_first_package_msgs/action/dist_turtle.h
[0.727s] -- Up-to-date: /home/kyujin/ros2_study/install/my_first_package_msgs/include/my_first_package_msgs/my_first_package_msgs/msg
[0.727s] -- Up-to-date: /home/kyujin/ros2_study/install/my_first_package_msgs/include/my_first_package_msgs/my_first_package_msgs/msg/detail
[0.727s] -- Up-to-date: /home/kyujin/ros2_study/install/my_first_package_msgs/include/my_first_package_msgs/my_first_package_msgs/msg/detail/cmd_and_pose_vel__type_support.h
[0.728s] -- Up-to-date: /home/kyujin/ros2_study/install/my_first_package_msgs/include/my_first_package_msgs/my_first_package_msgs/msg/detail/cmd_and_pose_vel__functions.c
[0.728s] -- Up-to-date: /home/kyujin/ros2_study/install/my_first_package_msgs/include/my_first_package_msgs/my_first_package_msgs/msg/detail/cmd_and_pose_vel__struct.h
[0.728s] -- Up-to-date: /home/kyujin/ros2_study/install/my_first_package_msgs/include/my_first_package_msgs/my_first_package_msgs/msg/detail/cmd_and_pose_vel__functions.h
[0.728s] -- Up-to-date: /home/kyujin/ros2_study/install/my_first_package_msgs/include/my_first_package_msgs/my_first_package_msgs/msg/cmd_and_pose_vel.h
[0.728s] -- Up-to-date: /home/kyujin/ros2_study/install/my_first_package_msgs/include/my_first_package_msgs/my_first_package_msgs/msg/rosidl_generator_c__visibility_control.h
[0.728s] -- Up-to-date: /home/kyujin/ros2_study/install/my_first_package_msgs/include/my_first_package_msgs/my_first_package_msgs/srv
[0.728s] -- Up-to-date: /home/kyujin/ros2_study/install/my_first_package_msgs/include/my_first_package_msgs/my_first_package_msgs/srv/multi_spawn.h
[0.728s] -- Up-to-date: /home/kyujin/ros2_study/install/my_first_package_msgs/include/my_first_package_msgs/my_first_package_msgs/srv/detail
[0.729s] -- Up-to-date: /home/kyujin/ros2_study/install/my_first_package_msgs/include/my_first_package_msgs/my_first_package_msgs/srv/detail/multi_spawn__type_support.h
[0.729s] -- Up-to-date: /home/kyujin/ros2_study/install/my_first_package_msgs/include/my_first_package_msgs/my_first_package_msgs/srv/detail/multi_spawn__functions.c
[0.729s] -- Up-to-date: /home/kyujin/ros2_study/install/my_first_package_msgs/include/my_first_package_msgs/my_first_package_msgs/srv/detail/multi_spawn__struct.h
[0.729s] -- Up-to-date: /home/kyujin/ros2_study/install/my_first_package_msgs/include/my_first_package_msgs/my_first_package_msgs/srv/detail/multi_spawn__functions.h
[0.729s] -- Up-to-date: /home/kyujin/ros2_study/install/my_first_package_msgs/share/my_first_package_msgs/environment/library_path.sh
[0.729s] -- Up-to-date: /home/kyujin/ros2_study/install/my_first_package_msgs/share/my_first_package_msgs/environment/library_path.dsv
[0.731s] -- Up-to-date: /home/kyujin/ros2_study/install/my_first_package_msgs/lib/libmy_first_package_msgs__rosidl_generator_c.so
[0.731s] -- Up-to-date: /home/kyujin/ros2_study/install/my_first_package_msgs/include/my_first_package_msgs/my_first_package_msgs
[0.732s] -- Up-to-date: /home/kyujin/ros2_study/install/my_first_package_msgs/include/my_first_package_msgs/my_first_package_msgs/action
[0.732s] -- Up-to-date: /home/kyujin/ros2_study/install/my_first_package_msgs/include/my_first_package_msgs/my_first_package_msgs/action/detail
[0.733s] -- Up-to-date: /home/kyujin/ros2_study/install/my_first_package_msgs/include/my_first_package_msgs/my_first_package_msgs/action/detail/dist_turtle__rosidl_typesupport_fastrtps_c.h
[0.733s] -- Up-to-date: /home/kyujin/ros2_study/install/my_first_package_msgs/include/my_first_package_msgs/my_first_package_msgs/msg
[0.733s] -- Up-to-date: /home/kyujin/ros2_study/install/my_first_package_msgs/include/my_first_package_msgs/my_first_package_msgs/msg/detail
[0.734s] -- Up-to-date: /home/kyujin/ros2_study/install/my_first_package_msgs/include/my_first_package_msgs/my_first_package_msgs/msg/detail/cmd_and_pose_vel__rosidl_typesupport_fastrtps_c.h
[0.734s] -- Up-to-date: /home/kyujin/ros2_study/install/my_first_package_msgs/include/my_first_package_msgs/my_first_package_msgs/msg/rosidl_typesupport_fastrtps_c__visibility_control.h
[0.734s] -- Up-to-date: /home/kyujin/ros2_study/install/my_first_package_msgs/include/my_first_package_msgs/my_first_package_msgs/srv
[0.734s] -- Up-to-date: /home/kyujin/ros2_study/install/my_first_package_msgs/include/my_first_package_msgs/my_first_package_msgs/srv/detail
[0.734s] -- Up-to-date: /home/kyujin/ros2_study/install/my_first_package_msgs/include/my_first_package_msgs/my_first_package_msgs/srv/detail/multi_spawn__rosidl_typesupport_fastrtps_c.h
[0.736s] -- Up-to-date: /home/kyujin/ros2_study/install/my_first_package_msgs/lib/libmy_first_package_msgs__rosidl_typesupport_fastrtps_c.so
[0.736s] -- Up-to-date: /home/kyujin/ros2_study/install/my_first_package_msgs/include/my_first_package_msgs/my_first_package_msgs
[0.736s] -- Up-to-date: /home/kyujin/ros2_study/install/my_first_package_msgs/include/my_first_package_msgs/my_first_package_msgs/action
[0.737s] -- Up-to-date: /home/kyujin/ros2_study/install/my_first_package_msgs/include/my_first_package_msgs/my_first_package_msgs/action/detail
[0.737s] -- Up-to-date: /home/kyujin/ros2_study/install/my_first_package_msgs/include/my_first_package_msgs/my_first_package_msgs/action/detail/dist_turtle__type_support.c
[0.737s] -- Up-to-date: /home/kyujin/ros2_study/install/my_first_package_msgs/include/my_first_package_msgs/my_first_package_msgs/action/detail/dist_turtle__rosidl_typesupport_introspection_c.h
[0.737s] -- Up-to-date: /home/kyujin/ros2_study/install/my_first_package_msgs/include/my_first_package_msgs/my_first_package_msgs/msg
[0.738s] -- Up-to-date: /home/kyujin/ros2_study/install/my_first_package_msgs/include/my_first_package_msgs/my_first_package_msgs/msg/rosidl_typesupport_introspection_c__visibility_control.h
[0.738s] -- Up-to-date: /home/kyujin/ros2_study/install/my_first_package_msgs/include/my_first_package_msgs/my_first_package_msgs/msg/detail
[0.738s] -- Up-to-date: /home/kyujin/ros2_study/install/my_first_package_msgs/include/my_first_package_msgs/my_first_package_msgs/msg/detail/cmd_and_pose_vel__rosidl_typesupport_introspection_c.h
[0.738s] -- Up-to-date: /home/kyujin/ros2_study/install/my_first_package_msgs/include/my_first_package_msgs/my_first_package_msgs/msg/detail/cmd_and_pose_vel__type_support.c
[0.738s] -- Up-to-date: /home/kyujin/ros2_study/install/my_first_package_msgs/include/my_first_package_msgs/my_first_package_msgs/srv
[0.739s] -- Up-to-date: /home/kyujin/ros2_study/install/my_first_package_msgs/include/my_first_package_msgs/my_first_package_msgs/srv/detail
[0.739s] -- Up-to-date: /home/kyujin/ros2_study/install/my_first_package_msgs/include/my_first_package_msgs/my_first_package_msgs/srv/detail/multi_spawn__type_support.c
[0.739s] -- Up-to-date: /home/kyujin/ros2_study/install/my_first_package_msgs/include/my_first_package_msgs/my_first_package_msgs/srv/detail/multi_spawn__rosidl_typesupport_introspection_c.h
[0.740s] -- Up-to-date: /home/kyujin/ros2_study/install/my_first_package_msgs/lib/libmy_first_package_msgs__rosidl_typesupport_introspection_c.so
[0.741s] -- Up-to-date: /home/kyujin/ros2_study/install/my_first_package_msgs/lib/libmy_first_package_msgs__rosidl_typesupport_c.so
[0.741s] -- Up-to-date: /home/kyujin/ros2_study/install/my_first_package_msgs/include/my_first_package_msgs/my_first_package_msgs
[0.741s] -- Up-to-date: /home/kyujin/ros2_study/install/my_first_package_msgs/include/my_first_package_msgs/my_first_package_msgs/action
[0.742s] -- Up-to-date: /home/kyujin/ros2_study/install/my_first_package_msgs/include/my_first_package_msgs/my_first_package_msgs/action/detail
[0.742s] -- Up-to-date: /home/kyujin/ros2_study/install/my_first_package_msgs/include/my_first_package_msgs/my_first_package_msgs/action/detail/dist_turtle__traits.hpp
[0.742s] -- Up-to-date: /home/kyujin/ros2_study/install/my_first_package_msgs/include/my_first_package_msgs/my_first_package_msgs/action/detail/dist_turtle__struct.hpp
[0.743s] -- Up-to-date: /home/kyujin/ros2_study/install/my_first_package_msgs/include/my_first_package_msgs/my_first_package_msgs/action/detail/dist_turtle__type_support.hpp
[0.743s] -- Up-to-date: /home/kyujin/ros2_study/install/my_first_package_msgs/include/my_first_package_msgs/my_first_package_msgs/action/detail/dist_turtle__builder.hpp
[0.743s] -- Up-to-date: /home/kyujin/ros2_study/install/my_first_package_msgs/include/my_first_package_msgs/my_first_package_msgs/action/dist_turtle.hpp
[0.743s] -- Up-to-date: /home/kyujin/ros2_study/install/my_first_package_msgs/include/my_first_package_msgs/my_first_package_msgs/msg
[0.743s] -- Up-to-date: /home/kyujin/ros2_study/install/my_first_package_msgs/include/my_first_package_msgs/my_first_package_msgs/msg/detail
[0.743s] -- Up-to-date: /home/kyujin/ros2_study/install/my_first_package_msgs/include/my_first_package_msgs/my_first_package_msgs/msg/detail/cmd_and_pose_vel__struct.hpp
[0.743s] -- Up-to-date: /home/kyujin/ros2_study/install/my_first_package_msgs/include/my_first_package_msgs/my_first_package_msgs/msg/detail/cmd_and_pose_vel__traits.hpp
[0.743s] -- Up-to-date: /home/kyujin/ros2_study/install/my_first_package_msgs/include/my_first_package_msgs/my_first_package_msgs/msg/detail/cmd_and_pose_vel__type_support.hpp
[0.743s] -- Up-to-date: /home/kyujin/ros2_study/install/my_first_package_msgs/include/my_first_package_msgs/my_first_package_msgs/msg/detail/cmd_and_pose_vel__builder.hpp
[0.743s] -- Up-to-date: /home/kyujin/ros2_study/install/my_first_package_msgs/include/my_first_package_msgs/my_first_package_msgs/msg/rosidl_generator_cpp__visibility_control.hpp
[0.744s] -- Up-to-date: /home/kyujin/ros2_study/install/my_first_package_msgs/include/my_first_package_msgs/my_first_package_msgs/msg/cmd_and_pose_vel.hpp
[0.744s] -- Up-to-date: /home/kyujin/ros2_study/install/my_first_package_msgs/include/my_first_package_msgs/my_first_package_msgs/srv
[0.744s] -- Up-to-date: /home/kyujin/ros2_study/install/my_first_package_msgs/include/my_first_package_msgs/my_first_package_msgs/srv/detail
[0.744s] -- Up-to-date: /home/kyujin/ros2_study/install/my_first_package_msgs/include/my_first_package_msgs/my_first_package_msgs/srv/detail/multi_spawn__type_support.hpp
[0.744s] -- Up-to-date: /home/kyujin/ros2_study/install/my_first_package_msgs/include/my_first_package_msgs/my_first_package_msgs/srv/detail/multi_spawn__struct.hpp
[0.744s] -- Up-to-date: /home/kyujin/ros2_study/install/my_first_package_msgs/include/my_first_package_msgs/my_first_package_msgs/srv/detail/multi_spawn__traits.hpp
[0.744s] -- Up-to-date: /home/kyujin/ros2_study/install/my_first_package_msgs/include/my_first_package_msgs/my_first_package_msgs/srv/detail/multi_spawn__builder.hpp
[0.744s] -- Up-to-date: /home/kyujin/ros2_study/install/my_first_package_msgs/include/my_first_package_msgs/my_first_package_msgs/srv/multi_spawn.hpp
[0.744s] -- Up-to-date: /home/kyujin/ros2_study/install/my_first_package_msgs/include/my_first_package_msgs/my_first_package_msgs
[0.745s] -- Up-to-date: /home/kyujin/ros2_study/install/my_first_package_msgs/include/my_first_package_msgs/my_first_package_msgs/action
[0.745s] -- Up-to-date: /home/kyujin/ros2_study/install/my_first_package_msgs/include/my_first_package_msgs/my_first_package_msgs/action/detail
[0.745s] -- Up-to-date: /home/kyujin/ros2_study/install/my_first_package_msgs/include/my_first_package_msgs/my_first_package_msgs/action/detail/dist_turtle__rosidl_typesupport_fastrtps_cpp.hpp
[0.745s] -- Up-to-date: /home/kyujin/ros2_study/install/my_first_package_msgs/include/my_first_package_msgs/my_first_package_msgs/action/detail/dds_fastrtps
[0.746s] -- Up-to-date: /home/kyujin/ros2_study/install/my_first_package_msgs/include/my_first_package_msgs/my_first_package_msgs/msg
[0.746s] -- Up-to-date: /home/kyujin/ros2_study/install/my_first_package_msgs/include/my_first_package_msgs/my_first_package_msgs/msg/rosidl_typesupport_fastrtps_cpp__visibility_control.h
[0.746s] -- Up-to-date: /home/kyujin/ros2_study/install/my_first_package_msgs/include/my_first_package_msgs/my_first_package_msgs/msg/detail
[0.746s] -- Up-to-date: /home/kyujin/ros2_study/install/my_first_package_msgs/include/my_first_package_msgs/my_first_package_msgs/msg/detail/cmd_and_pose_vel__rosidl_typesupport_fastrtps_cpp.hpp
[0.746s] -- Up-to-date: /home/kyujin/ros2_study/install/my_first_package_msgs/include/my_first_package_msgs/my_first_package_msgs/msg/detail/dds_fastrtps
[0.747s] -- Up-to-date: /home/kyujin/ros2_study/install/my_first_package_msgs/include/my_first_package_msgs/my_first_package_msgs/srv
[0.747s] -- Up-to-date: /home/kyujin/ros2_study/install/my_first_package_msgs/include/my_first_package_msgs/my_first_package_msgs/srv/detail
[0.747s] -- Up-to-date: /home/kyujin/ros2_study/install/my_first_package_msgs/include/my_first_package_msgs/my_first_package_msgs/srv/detail/dds_fastrtps
[0.748s] -- Up-to-date: /home/kyujin/ros2_study/install/my_first_package_msgs/include/my_first_package_msgs/my_first_package_msgs/srv/detail/multi_spawn__rosidl_typesupport_fastrtps_cpp.hpp
[0.749s] -- Up-to-date: /home/kyujin/ros2_study/install/my_first_package_msgs/lib/libmy_first_package_msgs__rosidl_typesupport_fastrtps_cpp.so
[0.749s] -- Up-to-date: /home/kyujin/ros2_study/install/my_first_package_msgs/include/my_first_package_msgs/my_first_package_msgs
[0.749s] -- Up-to-date: /home/kyujin/ros2_study/install/my_first_package_msgs/include/my_first_package_msgs/my_first_package_msgs/action
[0.750s] -- Up-to-date: /home/kyujin/ros2_study/install/my_first_package_msgs/include/my_first_package_msgs/my_first_package_msgs/action/detail
[0.750s] -- Up-to-date: /home/kyujin/ros2_study/install/my_first_package_msgs/include/my_first_package_msgs/my_first_package_msgs/action/detail/dist_turtle__type_support.cpp
[0.750s] -- Up-to-date: /home/kyujin/ros2_study/install/my_first_package_msgs/include/my_first_package_msgs/my_first_package_msgs/action/detail/dist_turtle__rosidl_typesupport_introspection_cpp.hpp
[0.750s] -- Up-to-date: /home/kyujin/ros2_study/install/my_first_package_msgs/include/my_first_package_msgs/my_first_package_msgs/msg
[0.751s] -- Up-to-date: /home/kyujin/ros2_study/install/my_first_package_msgs/include/my_first_package_msgs/my_first_package_msgs/msg/detail
[0.751s] -- Up-to-date: /home/kyujin/ros2_study/install/my_first_package_msgs/include/my_first_package_msgs/my_first_package_msgs/msg/detail/cmd_and_pose_vel__rosidl_typesupport_introspection_cpp.hpp
[0.751s] -- Up-to-date: /home/kyujin/ros2_study/install/my_first_package_msgs/include/my_first_package_msgs/my_first_package_msgs/msg/detail/cmd_and_pose_vel__type_support.cpp
[0.751s] -- Up-to-date: /home/kyujin/ros2_study/install/my_first_package_msgs/include/my_first_package_msgs/my_first_package_msgs/srv
[0.751s] -- Up-to-date: /home/kyujin/ros2_study/install/my_first_package_msgs/include/my_first_package_msgs/my_first_package_msgs/srv/detail
[0.752s] -- Up-to-date: /home/kyujin/ros2_study/install/my_first_package_msgs/include/my_first_package_msgs/my_first_package_msgs/srv/detail/multi_spawn__type_support.cpp
[0.752s] -- Up-to-date: /home/kyujin/ros2_study/install/my_first_package_msgs/include/my_first_package_msgs/my_first_package_msgs/srv/detail/multi_spawn__rosidl_typesupport_introspection_cpp.hpp
[0.753s] -- Up-to-date: /home/kyujin/ros2_study/install/my_first_package_msgs/lib/libmy_first_package_msgs__rosidl_typesupport_introspection_cpp.so
[0.754s] -- Up-to-date: /home/kyujin/ros2_study/install/my_first_package_msgs/lib/libmy_first_package_msgs__rosidl_typesupport_cpp.so
[0.755s] -- Up-to-date: /home/kyujin/ros2_study/install/my_first_package_msgs/share/my_first_package_msgs/environment/pythonpath.sh
[0.755s] -- Up-to-date: /home/kyujin/ros2_study/install/my_first_package_msgs/share/my_first_package_msgs/environment/pythonpath.dsv
[0.755s] -- Up-to-date: /home/kyujin/ros2_study/install/my_first_package_msgs/local/lib/python3.10/dist-packages/my_first_package_msgs-0.0.0-py3.10.egg-info
[0.755s] -- Installing: /home/kyujin/ros2_study/install/my_first_package_msgs/local/lib/python3.10/dist-packages/my_first_package_msgs-0.0.0-py3.10.egg-info/top_level.txt
[0.755s] -- Installing: /home/kyujin/ros2_study/install/my_first_package_msgs/local/lib/python3.10/dist-packages/my_first_package_msgs-0.0.0-py3.10.egg-info/PKG-INFO
[0.755s] -- Installing: /home/kyujin/ros2_study/install/my_first_package_msgs/local/lib/python3.10/dist-packages/my_first_package_msgs-0.0.0-py3.10.egg-info/dependency_links.txt
[0.755s] -- Installing: /home/kyujin/ros2_study/install/my_first_package_msgs/local/lib/python3.10/dist-packages/my_first_package_msgs-0.0.0-py3.10.egg-info/SOURCES.txt
[0.755s] -- Up-to-date: /home/kyujin/ros2_study/install/my_first_package_msgs/local/lib/python3.10/dist-packages/my_first_package_msgs
[0.755s] -- Up-to-date: /home/kyujin/ros2_study/install/my_first_package_msgs/local/lib/python3.10/dist-packages/my_first_package_msgs/action
[0.756s] -- Up-to-date: /home/kyujin/ros2_study/install/my_first_package_msgs/local/lib/python3.10/dist-packages/my_first_package_msgs/action/__init__.py
[0.756s] -- Up-to-date: /home/kyujin/ros2_study/install/my_first_package_msgs/local/lib/python3.10/dist-packages/my_first_package_msgs/action/_dist_turtle.py
[0.756s] -- Up-to-date: /home/kyujin/ros2_study/install/my_first_package_msgs/local/lib/python3.10/dist-packages/my_first_package_msgs/action/_dist_turtle_s.c
[0.756s] -- Up-to-date: /home/kyujin/ros2_study/install/my_first_package_msgs/local/lib/python3.10/dist-packages/my_first_package_msgs/_my_first_package_msgs_s.ep.rosidl_typesupport_fastrtps_c.c
[0.756s] -- Up-to-date: /home/kyujin/ros2_study/install/my_first_package_msgs/local/lib/python3.10/dist-packages/my_first_package_msgs/msg
[0.756s] -- Up-to-date: /home/kyujin/ros2_study/install/my_first_package_msgs/local/lib/python3.10/dist-packages/my_first_package_msgs/msg/__init__.py
[0.756s] -- Up-to-date: /home/kyujin/ros2_study/install/my_first_package_msgs/local/lib/python3.10/dist-packages/my_first_package_msgs/msg/_cmd_and_pose_vel_s.c
[0.757s] -- Up-to-date: /home/kyujin/ros2_study/install/my_first_package_msgs/local/lib/python3.10/dist-packages/my_first_package_msgs/msg/_cmd_and_pose_vel.py
[0.757s] -- Up-to-date: /home/kyujin/ros2_study/install/my_first_package_msgs/local/lib/python3.10/dist-packages/my_first_package_msgs/my_first_package_msgs_s__rosidl_typesupport_fastrtps_c.cpython-310-x86_64-linux-gnu.so
[0.757s] -- Up-to-date: /home/kyujin/ros2_study/install/my_first_package_msgs/local/lib/python3.10/dist-packages/my_first_package_msgs/my_first_package_msgs_s__rosidl_typesupport_introspection_c.cpython-310-x86_64-linux-gnu.so
[0.757s] -- Up-to-date: /home/kyujin/ros2_study/install/my_first_package_msgs/local/lib/python3.10/dist-packages/my_first_package_msgs/__init__.py
[0.757s] -- Up-to-date: /home/kyujin/ros2_study/install/my_first_package_msgs/local/lib/python3.10/dist-packages/my_first_package_msgs/_my_first_package_msgs_s.ep.rosidl_typesupport_c.c
[0.757s] -- Up-to-date: /home/kyujin/ros2_study/install/my_first_package_msgs/local/lib/python3.10/dist-packages/my_first_package_msgs/srv
[0.757s] -- Up-to-date: /home/kyujin/ros2_study/install/my_first_package_msgs/local/lib/python3.10/dist-packages/my_first_package_msgs/srv/_multi_spawn.py
[0.757s] -- Up-to-date: /home/kyujin/ros2_study/install/my_first_package_msgs/local/lib/python3.10/dist-packages/my_first_package_msgs/srv/_multi_spawn_s.c
[0.757s] -- Up-to-date: /home/kyujin/ros2_study/install/my_first_package_msgs/local/lib/python3.10/dist-packages/my_first_package_msgs/srv/__init__.py
[0.757s] -- Up-to-date: /home/kyujin/ros2_study/install/my_first_package_msgs/local/lib/python3.10/dist-packages/my_first_package_msgs/_my_first_package_msgs_s.ep.rosidl_typesupport_introspection_c.c
[0.757s] -- Up-to-date: /home/kyujin/ros2_study/install/my_first_package_msgs/local/lib/python3.10/dist-packages/my_first_package_msgs/libmy_first_package_msgs__rosidl_generator_py.so
[0.757s] -- Up-to-date: /home/kyujin/ros2_study/install/my_first_package_msgs/local/lib/python3.10/dist-packages/my_first_package_msgs/my_first_package_msgs_s__rosidl_typesupport_c.cpython-310-x86_64-linux-gnu.so
[0.789s] Listing '/home/kyujin/ros2_study/install/my_first_package_msgs/local/lib/python3.10/dist-packages/my_first_package_msgs'...
[0.790s] Listing '/home/kyujin/ros2_study/install/my_first_package_msgs/local/lib/python3.10/dist-packages/my_first_package_msgs/action'...
[0.790s] Listing '/home/kyujin/ros2_study/install/my_first_package_msgs/local/lib/python3.10/dist-packages/my_first_package_msgs/msg'...
[0.790s] Listing '/home/kyujin/ros2_study/install/my_first_package_msgs/local/lib/python3.10/dist-packages/my_first_package_msgs/srv'...
[0.795s] -- Up-to-date: /home/kyujin/ros2_study/install/my_first_package_msgs/local/lib/python3.10/dist-packages/my_first_package_msgs/my_first_package_msgs_s__rosidl_typesupport_fastrtps_c.cpython-310-x86_64-linux-gnu.so
[0.796s] -- Up-to-date: /home/kyujin/ros2_study/install/my_first_package_msgs/local/lib/python3.10/dist-packages/my_first_package_msgs/my_first_package_msgs_s__rosidl_typesupport_introspection_c.cpython-310-x86_64-linux-gnu.so
[0.797s] -- Up-to-date: /home/kyujin/ros2_study/install/my_first_package_msgs/local/lib/python3.10/dist-packages/my_first_package_msgs/my_first_package_msgs_s__rosidl_typesupport_c.cpython-310-x86_64-linux-gnu.so
[0.798s] -- Up-to-date: /home/kyujin/ros2_study/install/my_first_package_msgs/lib/libmy_first_package_msgs__rosidl_generator_py.so
[0.799s] -- Up-to-date: /home/kyujin/ros2_study/install/my_first_package_msgs/share/my_first_package_msgs/msg/CmdAndPoseVel.idl
[0.799s] -- Up-to-date: /home/kyujin/ros2_study/install/my_first_package_msgs/share/my_first_package_msgs/srv/MultiSpawn.idl
[0.799s] -- Up-to-date: /home/kyujin/ros2_study/install/my_first_package_msgs/share/my_first_package_msgs/action/DistTurtle.idl
[0.799s] -- Up-to-date: /home/kyujin/ros2_study/install/my_first_package_msgs/share/my_first_package_msgs/msg/CmdAndPoseVel.msg
[0.799s] -- Up-to-date: /home/kyujin/ros2_study/install/my_first_package_msgs/share/my_first_package_msgs/srv/MultiSpawn.srv
[0.799s] -- Up-to-date: /home/kyujin/ros2_study/install/my_first_package_msgs/share/my_first_package_msgs/srv/MultiSpawn_Request.msg
[0.799s] -- Up-to-date: /home/kyujin/ros2_study/install/my_first_package_msgs/share/my_first_package_msgs/srv/MultiSpawn_Response.msg
[0.799s] -- Up-to-date: /home/kyujin/ros2_study/install/my_first_package_msgs/share/my_first_package_msgs/action/DistTurtle.action
[0.799s] -- Up-to-date: /home/kyujin/ros2_study/install/my_first_package_msgs/share/ament_index/resource_index/package_run_dependencies/my_first_package_msgs
[0.800s] -- Up-to-date: /home/kyujin/ros2_study/install/my_first_package_msgs/share/ament_index/resource_index/parent_prefix_path/my_first_package_msgs
[0.800s] -- Up-to-date: /home/kyujin/ros2_study/install/my_first_package_msgs/share/my_first_package_msgs/environment/ament_prefix_path.sh
[0.800s] -- Up-to-date: /home/kyujin/ros2_study/install/my_first_package_msgs/share/my_first_package_msgs/environment/ament_prefix_path.dsv
[0.800s] -- Up-to-date: /home/kyujin/ros2_study/install/my_first_package_msgs/share/my_first_package_msgs/environment/path.sh
[0.800s] -- Up-to-date: /home/kyujin/ros2_study/install/my_first_package_msgs/share/my_first_package_msgs/environment/path.dsv
[0.800s] -- Up-to-date: /home/kyujin/ros2_study/install/my_first_package_msgs/share/my_first_package_msgs/local_setup.bash
[0.800s] -- Up-to-date: /home/kyujin/ros2_study/install/my_first_package_msgs/share/my_first_package_msgs/local_setup.sh
[0.800s] -- Up-to-date: /home/kyujin/ros2_study/install/my_first_package_msgs/share/my_first_package_msgs/local_setup.zsh
[0.800s] -- Up-to-date: /home/kyujin/ros2_study/install/my_first_package_msgs/share/my_first_package_msgs/local_setup.dsv
[0.800s] -- Installing: /home/kyujin/ros2_study/install/my_first_package_msgs/share/my_first_package_msgs/package.dsv
[0.800s] -- Up-to-date: /home/kyujin/ros2_study/install/my_first_package_msgs/share/ament_index/resource_index/packages/my_first_package_msgs
[0.801s] -- Up-to-date: /home/kyujin/ros2_study/install/my_first_package_msgs/share/my_first_package_msgs/cmake/export_my_first_package_msgs__rosidl_generator_cExport.cmake
[0.801s] -- Up-to-date: /home/kyujin/ros2_study/install/my_first_package_msgs/share/my_first_package_msgs/cmake/export_my_first_package_msgs__rosidl_generator_cExport-noconfig.cmake
[0.802s] -- Up-to-date: /home/kyujin/ros2_study/install/my_first_package_msgs/share/my_first_package_msgs/cmake/export_my_first_package_msgs__rosidl_typesupport_fastrtps_cExport.cmake
[0.802s] -- Up-to-date: /home/kyujin/ros2_study/install/my_first_package_msgs/share/my_first_package_msgs/cmake/export_my_first_package_msgs__rosidl_typesupport_fastrtps_cExport-noconfig.cmake
[0.803s] -- Up-to-date: /home/kyujin/ros2_study/install/my_first_package_msgs/share/my_first_package_msgs/cmake/my_first_package_msgs__rosidl_typesupport_introspection_cExport.cmake
[0.803s] -- Up-to-date: /home/kyujin/ros2_study/install/my_first_package_msgs/share/my_first_package_msgs/cmake/my_first_package_msgs__rosidl_typesupport_introspection_cExport-noconfig.cmake
[0.804s] -- Up-to-date: /home/kyujin/ros2_study/install/my_first_package_msgs/share/my_first_package_msgs/cmake/my_first_package_msgs__rosidl_typesupport_cExport.cmake
[0.804s] -- Up-to-date: /home/kyujin/ros2_study/install/my_first_package_msgs/share/my_first_package_msgs/cmake/my_first_package_msgs__rosidl_typesupport_cExport-noconfig.cmake
[0.804s] -- Up-to-date: /home/kyujin/ros2_study/install/my_first_package_msgs/share/my_first_package_msgs/cmake/export_my_first_package_msgs__rosidl_generator_cppExport.cmake
[0.805s] -- Up-to-date: /home/kyujin/ros2_study/install/my_first_package_msgs/share/my_first_package_msgs/cmake/export_my_first_package_msgs__rosidl_typesupport_fastrtps_cppExport.cmake
[0.805s] -- Up-to-date: /home/kyujin/ros2_study/install/my_first_package_msgs/share/my_first_package_msgs/cmake/export_my_first_package_msgs__rosidl_typesupport_fastrtps_cppExport-noconfig.cmake
[0.806s] -- Up-to-date: /home/kyujin/ros2_study/install/my_first_package_msgs/share/my_first_package_msgs/cmake/my_first_package_msgs__rosidl_typesupport_introspection_cppExport.cmake
[0.806s] -- Up-to-date: /home/kyujin/ros2_study/install/my_first_package_msgs/share/my_first_package_msgs/cmake/my_first_package_msgs__rosidl_typesupport_introspection_cppExport-noconfig.cmake
[0.807s] -- Up-to-date: /home/kyujin/ros2_study/install/my_first_package_msgs/share/my_first_package_msgs/cmake/my_first_package_msgs__rosidl_typesupport_cppExport.cmake
[0.807s] -- Up-to-date: /home/kyujin/ros2_study/install/my_first_package_msgs/share/my_first_package_msgs/cmake/my_first_package_msgs__rosidl_typesupport_cppExport-noconfig.cmake
[0.807s] -- Up-to-date: /home/kyujin/ros2_study/install/my_first_package_msgs/share/my_first_package_msgs/cmake/export_my_first_package_msgs__rosidl_generator_pyExport.cmake
[0.808s] -- Up-to-date: /home/kyujin/ros2_study/install/my_first_package_msgs/share/my_first_package_msgs/cmake/export_my_first_package_msgs__rosidl_generator_pyExport-noconfig.cmake
[0.808s] -- Up-to-date: /home/kyujin/ros2_study/install/my_first_package_msgs/share/my_first_package_msgs/cmake/rosidl_cmake-extras.cmake
[0.808s] -- Up-to-date: /home/kyujin/ros2_study/install/my_first_package_msgs/share/my_first_package_msgs/cmake/ament_cmake_export_dependencies-extras.cmake
[0.808s] -- Up-to-date: /home/kyujin/ros2_study/install/my_first_package_msgs/share/my_first_package_msgs/cmake/ament_cmake_export_include_directories-extras.cmake
[0.808s] -- Up-to-date: /home/kyujin/ros2_study/install/my_first_package_msgs/share/my_first_package_msgs/cmake/ament_cmake_export_libraries-extras.cmake
[0.808s] -- Up-to-date: /home/kyujin/ros2_study/install/my_first_package_msgs/share/my_first_package_msgs/cmake/ament_cmake_export_targets-extras.cmake
[0.809s] -- Up-to-date: /home/kyujin/ros2_study/install/my_first_package_msgs/share/my_first_package_msgs/cmake/rosidl_cmake_export_typesupport_targets-extras.cmake
[0.809s] -- Up-to-date: /home/kyujin/ros2_study/install/my_first_package_msgs/share/my_first_package_msgs/cmake/rosidl_cmake_export_typesupport_libraries-extras.cmake
[0.809s] -- Up-to-date: /home/kyujin/ros2_study/install/my_first_package_msgs/share/my_first_package_msgs/cmake/my_first_package_msgsConfig.cmake
[0.809s] -- Up-to-date: /home/kyujin/ros2_study/install/my_first_package_msgs/share/my_first_package_msgs/cmake/my_first_package_msgsConfig-version.cmake
[0.809s] -- Up-to-date: /home/kyujin/ros2_study/install/my_first_package_msgs/share/my_first_package_msgs/package.xml
[0.811s] Invoked command in '/home/kyujin/ros2_study/build/my_first_package_msgs' returned '0': CMAKE_PREFIX_PATH=${CMAKE_PREFIX_PATH}:/home/kyujin/ros2_study/install/my_first_package:/opt/ros/humble /usr/bin/cmake --install /home/kyujin/ros2_study/build/my_first_package_msgs
