[0.258s] Invoking command in '/home/kyujin/ros2_study/build/my_first_package_msgs': CMAKE_PREFIX_PATH=${CMAKE_PREFIX_PATH}:/home/kyujin/ros2_study/install/my_first_package:/opt/ros/humble /usr/bin/cmake --build /home/kyujin/ros2_study/build/my_first_package_msgs -- -j12 -l12
[0.307s] [  2%] Built target my_first_package_msgs__cpp
[0.308s] [ 12%] Built target my_first_package_msgs__rosidl_generator_c
[0.321s] [ 12%] Built target ament_cmake_python_copy_my_first_package_msgs
[0.334s] [ 23%] Built target my_first_package_msgs__rosidl_typesupport_c
[0.336s] [ 44%] Built target my_first_package_msgs__rosidl_typesupport_cpp
[0.336s] [ 44%] Built target my_first_package_msgs__rosidl_typesupport_introspection_c
[0.337s] [ 55%] Built target my_first_package_msgs__rosidl_typesupport_fastrtps_c
[0.341s] [ 70%] Built target my_first_package_msgs__rosidl_typesupport_introspection_cpp
[0.341s] [ 76%] Built target my_first_package_msgs__rosidl_typesupport_fastrtps_cpp
[0.361s] [ 76%] Built target my_first_package_msgs
[0.381s] [ 78%] Built target my_first_package_msgs__py
[0.404s] [ 87%] Built target my_first_package_msgs__rosidl_generator_py
[0.427s] [ 91%] Built target my_first_package_msgs__rosidl_typesupport_fastrtps_c__pyext
[0.428s] [ 95%] Built target my_first_package_msgs__rosidl_typesupport_c__pyext
[0.430s] [100%] Built target my_first_package_msgs__rosidl_typesupport_introspection_c__pyext
[0.563s] running egg_info
[0.563s] writing my_first_package_msgs.egg-info/PKG-INFO
[0.564s] writing dependency_links to my_first_package_msgs.egg-info/dependency_links.txt
[0.564s] writing top-level names to my_first_package_msgs.egg-info/top_level.txt
[0.566s] reading manifest file 'my_first_package_msgs.egg-info/SOURCES.txt'
[0.567s] writing manifest file 'my_first_package_msgs.egg-info/SOURCES.txt'
[0.590s] [100%] Built target ament_cmake_python_build_my_first_package_msgs_egg
[0.603s] Invoked command in '/home/kyujin/ros2_study/build/my_first_package_msgs' returned '0': CMAKE_PREFIX_PATH=${CMAKE_PREFIX_PATH}:/home/kyujin/ros2_study/install/my_first_package:/opt/ros/humble /usr/bin/cmake --build /home/kyujin/ros2_study/build/my_first_package_msgs -- -j12 -l12
[0.614s] Invoking command in '/home/kyujin/ros2_study/build/my_first_package_msgs': CMAKE_PREFIX_PATH=${CMAKE_PREFIX_PATH}:/home/kyujin/ros2_study/install/my_first_package:/opt/ros/humble /usr/bin/cmake --install /home/kyujin/ros2_study/build/my_first_package_msgs
[0.621s] -- Install configuration: ""
[0.621s] -- Up-to-date: /home/kyujin/ros2_study/install/my_first_package_msgs/share/ament_index/resource_index/rosidl_interfaces/my_first_package_msgs
[0.621s] -- Up-to-date: /home/kyujin/ros2_study/install/my_first_package_msgs/include/my_first_package_msgs/my_first_package_msgs
[0.621s] -- Up-to-date: /home/kyujin/ros2_study/install/my_first_package_msgs/include/my_first_package_msgs/my_first_package_msgs/action
[0.621s] -- Up-to-date: /home/kyujin/ros2_study/install/my_first_package_msgs/include/my_first_package_msgs/my_first_package_msgs/action/detail
[0.622s] -- Up-to-date: /home/kyujin/ros2_study/install/my_first_package_msgs/include/my_first_package_msgs/my_first_package_msgs/action/detail/dist_turtle__functions.h
[0.622s] -- Up-to-date: /home/kyujin/ros2_study/install/my_first_package_msgs/include/my_first_package_msgs/my_first_package_msgs/action/detail/dist_turtle__functions.c
[0.622s] -- Up-to-date: /home/kyujin/ros2_study/install/my_first_package_msgs/include/my_first_package_msgs/my_first_package_msgs/action/detail/dist_turtle__struct.h
[0.623s] -- Up-to-date: /home/kyujin/ros2_study/install/my_first_package_msgs/include/my_first_package_msgs/my_first_package_msgs/action/detail/dist_turtle__type_support.h
[0.623s] -- Up-to-date: /home/kyujin/ros2_study/install/my_first_package_msgs/include/my_first_package_msgs/my_first_package_msgs/action/dist_turtle.h
[0.623s] -- Up-to-date: /home/kyujin/ros2_study/install/my_first_package_msgs/include/my_first_package_msgs/my_first_package_msgs/msg
[0.624s] -- Up-to-date: /home/kyujin/ros2_study/install/my_first_package_msgs/include/my_first_package_msgs/my_first_package_msgs/msg/detail
[0.624s] -- Up-to-date: /home/kyujin/ros2_study/install/my_first_package_msgs/include/my_first_package_msgs/my_first_package_msgs/msg/detail/cmd_and_pose_vel__type_support.h
[0.624s] -- Up-to-date: /home/kyujin/ros2_study/install/my_first_package_msgs/include/my_first_package_msgs/my_first_package_msgs/msg/detail/cmd_and_pose_vel__functions.c
[0.625s] -- Up-to-date: /home/kyujin/ros2_study/install/my_first_package_msgs/include/my_first_package_msgs/my_first_package_msgs/msg/detail/cmd_and_pose_vel__struct.h
[0.625s] -- Up-to-date: /home/kyujin/ros2_study/install/my_first_package_msgs/include/my_first_package_msgs/my_first_package_msgs/msg/detail/cmd_and_pose_vel__functions.h
[0.625s] -- Up-to-date: /home/kyujin/ros2_study/install/my_first_package_msgs/include/my_first_package_msgs/my_first_package_msgs/msg/cmd_and_pose_vel.h
[0.625s] -- Up-to-date: /home/kyujin/ros2_study/install/my_first_package_msgs/include/my_first_package_msgs/my_first_package_msgs/msg/rosidl_generator_c__visibility_control.h
[0.626s] -- Up-to-date: /home/kyujin/ros2_study/install/my_first_package_msgs/include/my_first_package_msgs/my_first_package_msgs/srv
[0.626s] -- Up-to-date: /home/kyujin/ros2_study/install/my_first_package_msgs/include/my_first_package_msgs/my_first_package_msgs/srv/multi_spawn.h
[0.626s] -- Up-to-date: /home/kyujin/ros2_study/install/my_first_package_msgs/include/my_first_package_msgs/my_first_package_msgs/srv/detail
[0.626s] -- Up-to-date: /home/kyujin/ros2_study/install/my_first_package_msgs/include/my_first_package_msgs/my_first_package_msgs/srv/detail/multi_spawn__type_support.h
[0.626s] -- Up-to-date: /home/kyujin/ros2_study/install/my_first_package_msgs/include/my_first_package_msgs/my_first_package_msgs/srv/detail/multi_spawn__functions.c
[0.626s] -- Up-to-date: /home/kyujin/ros2_study/install/my_first_package_msgs/include/my_first_package_msgs/my_first_package_msgs/srv/detail/multi_spawn__struct.h
[0.627s] -- Up-to-date: /home/kyujin/ros2_study/install/my_first_package_msgs/include/my_first_package_msgs/my_first_package_msgs/srv/detail/multi_spawn__functions.h
[0.627s] -- Up-to-date: /home/kyujin/ros2_study/install/my_first_package_msgs/share/my_first_package_msgs/environment/library_path.sh
[0.627s] -- Up-to-date: /home/kyujin/ros2_study/install/my_first_package_msgs/share/my_first_package_msgs/environment/library_path.dsv
[0.627s] -- Up-to-date: /home/kyujin/ros2_study/install/my_first_package_msgs/lib/libmy_first_package_msgs__rosidl_generator_c.so
[0.627s] -- Up-to-date: /home/kyujin/ros2_study/install/my_first_package_msgs/include/my_first_package_msgs/my_first_package_msgs
[0.627s] -- Up-to-date: /home/kyujin/ros2_study/install/my_first_package_msgs/include/my_first_package_msgs/my_first_package_msgs/action
[0.628s] -- Up-to-date: /home/kyujin/ros2_study/install/my_first_package_msgs/include/my_first_package_msgs/my_first_package_msgs/action/detail
[0.628s] -- Up-to-date: /home/kyujin/ros2_study/install/my_first_package_msgs/include/my_first_package_msgs/my_first_package_msgs/action/detail/dist_turtle__rosidl_typesupport_fastrtps_c.h
[0.628s] -- Up-to-date: /home/kyujin/ros2_study/install/my_first_package_msgs/include/my_first_package_msgs/my_first_package_msgs/msg
[0.628s] -- Up-to-date: /home/kyujin/ros2_study/install/my_first_package_msgs/include/my_first_package_msgs/my_first_package_msgs/msg/detail
[0.629s] -- Up-to-date: /home/kyujin/ros2_study/install/my_first_package_msgs/include/my_first_package_msgs/my_first_package_msgs/msg/detail/cmd_and_pose_vel__rosidl_typesupport_fastrtps_c.h
[0.629s] -- Up-to-date: /home/kyujin/ros2_study/install/my_first_package_msgs/include/my_first_package_msgs/my_first_package_msgs/msg/rosidl_typesupport_fastrtps_c__visibility_control.h
[0.629s] -- Up-to-date: /home/kyujin/ros2_study/install/my_first_package_msgs/include/my_first_package_msgs/my_first_package_msgs/srv
[0.629s] -- Up-to-date: /home/kyujin/ros2_study/install/my_first_package_msgs/include/my_first_package_msgs/my_first_package_msgs/srv/detail
[0.629s] -- Up-to-date: /home/kyujin/ros2_study/install/my_first_package_msgs/include/my_first_package_msgs/my_first_package_msgs/srv/detail/multi_spawn__rosidl_typesupport_fastrtps_c.h
[0.629s] -- Up-to-date: /home/kyujin/ros2_study/install/my_first_package_msgs/lib/libmy_first_package_msgs__rosidl_typesupport_fastrtps_c.so
[0.629s] -- Up-to-date: /home/kyujin/ros2_study/install/my_first_package_msgs/include/my_first_package_msgs/my_first_package_msgs
[0.630s] -- Up-to-date: /home/kyujin/ros2_study/install/my_first_package_msgs/include/my_first_package_msgs/my_first_package_msgs/action
[0.630s] -- Up-to-date: /home/kyujin/ros2_study/install/my_first_package_msgs/include/my_first_package_msgs/my_first_package_msgs/action/detail
[0.630s] -- Up-to-date: /home/kyujin/ros2_study/install/my_first_package_msgs/include/my_first_package_msgs/my_first_package_msgs/action/detail/dist_turtle__type_support.c
[0.630s] -- Up-to-date: /home/kyujin/ros2_study/install/my_first_package_msgs/include/my_first_package_msgs/my_first_package_msgs/action/detail/dist_turtle__rosidl_typesupport_introspection_c.h
[0.630s] -- Up-to-date: /home/kyujin/ros2_study/install/my_first_package_msgs/include/my_first_package_msgs/my_first_package_msgs/msg
[0.630s] -- Up-to-date: /home/kyujin/ros2_study/install/my_first_package_msgs/include/my_first_package_msgs/my_first_package_msgs/msg/rosidl_typesupport_introspection_c__visibility_control.h
[0.631s] -- Up-to-date: /home/kyujin/ros2_study/install/my_first_package_msgs/include/my_first_package_msgs/my_first_package_msgs/msg/detail
[0.631s] -- Up-to-date: /home/kyujin/ros2_study/install/my_first_package_msgs/include/my_first_package_msgs/my_first_package_msgs/msg/detail/cmd_and_pose_vel__rosidl_typesupport_introspection_c.h
[0.631s] -- Up-to-date: /home/kyujin/ros2_study/install/my_first_package_msgs/include/my_first_package_msgs/my_first_package_msgs/msg/detail/cmd_and_pose_vel__type_support.c
[0.631s] -- Up-to-date: /home/kyujin/ros2_study/install/my_first_package_msgs/include/my_first_package_msgs/my_first_package_msgs/srv
[0.631s] -- Up-to-date: /home/kyujin/ros2_study/install/my_first_package_msgs/include/my_first_package_msgs/my_first_package_msgs/srv/detail
[0.631s] -- Up-to-date: /home/kyujin/ros2_study/install/my_first_package_msgs/include/my_first_package_msgs/my_first_package_msgs/srv/detail/multi_spawn__type_support.c
[0.631s] -- Up-to-date: /home/kyujin/ros2_study/install/my_first_package_msgs/include/my_first_package_msgs/my_first_package_msgs/srv/detail/multi_spawn__rosidl_typesupport_introspection_c.h
[0.631s] -- Up-to-date: /home/kyujin/ros2_study/install/my_first_package_msgs/lib/libmy_first_package_msgs__rosidl_typesupport_introspection_c.so
[0.631s] -- Up-to-date: /home/kyujin/ros2_study/install/my_first_package_msgs/lib/libmy_first_package_msgs__rosidl_typesupport_c.so
[0.632s] -- Up-to-date: /home/kyujin/ros2_study/install/my_first_package_msgs/include/my_first_package_msgs/my_first_package_msgs
[0.632s] -- Up-to-date: /home/kyujin/ros2_study/install/my_first_package_msgs/include/my_first_package_msgs/my_first_package_msgs/action
[0.632s] -- Up-to-date: /home/kyujin/ros2_study/install/my_first_package_msgs/include/my_first_package_msgs/my_first_package_msgs/action/detail
[0.632s] -- Up-to-date: /home/kyujin/ros2_study/install/my_first_package_msgs/include/my_first_package_msgs/my_first_package_msgs/action/detail/dist_turtle__traits.hpp
[0.632s] -- Up-to-date: /home/kyujin/ros2_study/install/my_first_package_msgs/include/my_first_package_msgs/my_first_package_msgs/action/detail/dist_turtle__struct.hpp
[0.632s] -- Up-to-date: /home/kyujin/ros2_study/install/my_first_package_msgs/include/my_first_package_msgs/my_first_package_msgs/action/detail/dist_turtle__type_support.hpp
[0.632s] -- Up-to-date: /home/kyujin/ros2_study/install/my_first_package_msgs/include/my_first_package_msgs/my_first_package_msgs/action/detail/dist_turtle__builder.hpp
[0.633s] -- Up-to-date: /home/kyujin/ros2_study/install/my_first_package_msgs/include/my_first_package_msgs/my_first_package_msgs/action/dist_turtle.hpp
[0.633s] -- Up-to-date: /home/kyujin/ros2_study/install/my_first_package_msgs/include/my_first_package_msgs/my_first_package_msgs/msg
[0.633s] -- Up-to-date: /home/kyujin/ros2_study/install/my_first_package_msgs/include/my_first_package_msgs/my_first_package_msgs/msg/detail
[0.633s] -- Up-to-date: /home/kyujin/ros2_study/install/my_first_package_msgs/include/my_first_package_msgs/my_first_package_msgs/msg/detail/cmd_and_pose_vel__struct.hpp
[0.633s] -- Up-to-date: /home/kyujin/ros2_study/install/my_first_package_msgs/include/my_first_package_msgs/my_first_package_msgs/msg/detail/cmd_and_pose_vel__traits.hpp
[0.634s] -- Up-to-date: /home/kyujin/ros2_study/install/my_first_package_msgs/include/my_first_package_msgs/my_first_package_msgs/msg/detail/cmd_and_pose_vel__type_support.hpp
[0.634s] -- Up-to-date: /home/kyujin/ros2_study/install/my_first_package_msgs/include/my_first_package_msgs/my_first_package_msgs/msg/detail/cmd_and_pose_vel__builder.hpp
[0.634s] -- Up-to-date: /home/kyujin/ros2_study/install/my_first_package_msgs/include/my_first_package_msgs/my_first_package_msgs/msg/rosidl_generator_cpp__visibility_control.hpp
[0.634s] -- Up-to-date: /home/kyujin/ros2_study/install/my_first_package_msgs/include/my_first_package_msgs/my_first_package_msgs/msg/cmd_and_pose_vel.hpp
[0.634s] -- Up-to-date: /home/kyujin/ros2_study/install/my_first_package_msgs/include/my_first_package_msgs/my_first_package_msgs/srv
[0.634s] -- Up-to-date: /home/kyujin/ros2_study/install/my_first_package_msgs/include/my_first_package_msgs/my_first_package_msgs/srv/detail
[0.634s] -- Up-to-date: /home/kyujin/ros2_study/install/my_first_package_msgs/include/my_first_package_msgs/my_first_package_msgs/srv/detail/multi_spawn__type_support.hpp
[0.634s] -- Up-to-date: /home/kyujin/ros2_study/install/my_first_package_msgs/include/my_first_package_msgs/my_first_package_msgs/srv/detail/multi_spawn__struct.hpp
[0.635s] -- Up-to-date: /home/kyujin/ros2_study/install/my_first_package_msgs/include/my_first_package_msgs/my_first_package_msgs/srv/detail/multi_spawn__traits.hpp
[0.635s] -- Up-to-date: /home/kyujin/ros2_study/install/my_first_package_msgs/include/my_first_package_msgs/my_first_package_msgs/srv/detail/multi_spawn__builder.hpp
[0.635s] -- Up-to-date: /home/kyujin/ros2_study/install/my_first_package_msgs/include/my_first_package_msgs/my_first_package_msgs/srv/multi_spawn.hpp
[0.635s] -- Up-to-date: /home/kyujin/ros2_study/install/my_first_package_msgs/include/my_first_package_msgs/my_first_package_msgs
[0.635s] -- Up-to-date: /home/kyujin/ros2_study/install/my_first_package_msgs/include/my_first_package_msgs/my_first_package_msgs/action
[0.635s] -- Up-to-date: /home/kyujin/ros2_study/install/my_first_package_msgs/include/my_first_package_msgs/my_first_package_msgs/action/detail
[0.635s] -- Up-to-date: /home/kyujin/ros2_study/install/my_first_package_msgs/include/my_first_package_msgs/my_first_package_msgs/action/detail/dist_turtle__rosidl_typesupport_fastrtps_cpp.hpp
[0.635s] -- Up-to-date: /home/kyujin/ros2_study/install/my_first_package_msgs/include/my_first_package_msgs/my_first_package_msgs/action/detail/dds_fastrtps
[0.636s] -- Up-to-date: /home/kyujin/ros2_study/install/my_first_package_msgs/include/my_first_package_msgs/my_first_package_msgs/msg
[0.636s] -- Up-to-date: /home/kyujin/ros2_study/install/my_first_package_msgs/include/my_first_package_msgs/my_first_package_msgs/msg/rosidl_typesupport_fastrtps_cpp__visibility_control.h
[0.636s] -- Up-to-date: /home/kyujin/ros2_study/install/my_first_package_msgs/include/my_first_package_msgs/my_first_package_msgs/msg/detail
[0.636s] -- Up-to-date: /home/kyujin/ros2_study/install/my_first_package_msgs/include/my_first_package_msgs/my_first_package_msgs/msg/detail/cmd_and_pose_vel__rosidl_typesupport_fastrtps_cpp.hpp
[0.636s] -- Up-to-date: /home/kyujin/ros2_study/install/my_first_package_msgs/include/my_first_package_msgs/my_first_package_msgs/msg/detail/dds_fastrtps
[0.636s] -- Up-to-date: /home/kyujin/ros2_study/install/my_first_package_msgs/include/my_first_package_msgs/my_first_package_msgs/srv
[0.636s] -- Up-to-date: /home/kyujin/ros2_study/install/my_first_package_msgs/include/my_first_package_msgs/my_first_package_msgs/srv/detail
[0.636s] -- Up-to-date: /home/kyujin/ros2_study/install/my_first_package_msgs/include/my_first_package_msgs/my_first_package_msgs/srv/detail/dds_fastrtps
[0.637s] -- Up-to-date: /home/kyujin/ros2_study/install/my_first_package_msgs/include/my_first_package_msgs/my_first_package_msgs/srv/detail/multi_spawn__rosidl_typesupport_fastrtps_cpp.hpp
[0.637s] -- Up-to-date: /home/kyujin/ros2_study/install/my_first_package_msgs/lib/libmy_first_package_msgs__rosidl_typesupport_fastrtps_cpp.so
[0.637s] -- Up-to-date: /home/kyujin/ros2_study/install/my_first_package_msgs/include/my_first_package_msgs/my_first_package_msgs
[0.637s] -- Up-to-date: /home/kyujin/ros2_study/install/my_first_package_msgs/include/my_first_package_msgs/my_first_package_msgs/action
[0.637s] -- Up-to-date: /home/kyujin/ros2_study/install/my_first_package_msgs/include/my_first_package_msgs/my_first_package_msgs/action/detail
[0.637s] -- Up-to-date: /home/kyujin/ros2_study/install/my_first_package_msgs/include/my_first_package_msgs/my_first_package_msgs/action/detail/dist_turtle__type_support.cpp
[0.637s] -- Up-to-date: /home/kyujin/ros2_study/install/my_first_package_msgs/include/my_first_package_msgs/my_first_package_msgs/action/detail/dist_turtle__rosidl_typesupport_introspection_cpp.hpp
[0.637s] -- Up-to-date: /home/kyujin/ros2_study/install/my_first_package_msgs/include/my_first_package_msgs/my_first_package_msgs/msg
[0.638s] -- Up-to-date: /home/kyujin/ros2_study/install/my_first_package_msgs/include/my_first_package_msgs/my_first_package_msgs/msg/detail
[0.638s] -- Up-to-date: /home/kyujin/ros2_study/install/my_first_package_msgs/include/my_first_package_msgs/my_first_package_msgs/msg/detail/cmd_and_pose_vel__rosidl_typesupport_introspection_cpp.hpp
[0.638s] -- Up-to-date: /home/kyujin/ros2_study/install/my_first_package_msgs/include/my_first_package_msgs/my_first_package_msgs/msg/detail/cmd_and_pose_vel__type_support.cpp
[0.638s] -- Up-to-date: /home/kyujin/ros2_study/install/my_first_package_msgs/include/my_first_package_msgs/my_first_package_msgs/srv
[0.638s] -- Up-to-date: /home/kyujin/ros2_study/install/my_first_package_msgs/include/my_first_package_msgs/my_first_package_msgs/srv/detail
[0.638s] -- Up-to-date: /home/kyujin/ros2_study/install/my_first_package_msgs/include/my_first_package_msgs/my_first_package_msgs/srv/detail/multi_spawn__type_support.cpp
[0.638s] -- Up-to-date: /home/kyujin/ros2_study/install/my_first_package_msgs/include/my_first_package_msgs/my_first_package_msgs/srv/detail/multi_spawn__rosidl_typesupport_introspection_cpp.hpp
[0.638s] -- Up-to-date: /home/kyujin/ros2_study/install/my_first_package_msgs/lib/libmy_first_package_msgs__rosidl_typesupport_introspection_cpp.so
[0.639s] -- Up-to-date: /home/kyujin/ros2_study/install/my_first_package_msgs/lib/libmy_first_package_msgs__rosidl_typesupport_cpp.so
[0.639s] -- Up-to-date: /home/kyujin/ros2_study/install/my_first_package_msgs/share/my_first_package_msgs/environment/pythonpath.sh
[0.639s] -- Up-to-date: /home/kyujin/ros2_study/install/my_first_package_msgs/share/my_first_package_msgs/environment/pythonpath.dsv
[0.639s] -- Up-to-date: /home/kyujin/ros2_study/install/my_first_package_msgs/local/lib/python3.10/dist-packages/my_first_package_msgs-0.0.0-py3.10.egg-info
[0.639s] -- Installing: /home/kyujin/ros2_study/install/my_first_package_msgs/local/lib/python3.10/dist-packages/my_first_package_msgs-0.0.0-py3.10.egg-info/top_level.txt
[0.639s] -- Installing: /home/kyujin/ros2_study/install/my_first_package_msgs/local/lib/python3.10/dist-packages/my_first_package_msgs-0.0.0-py3.10.egg-info/PKG-INFO
[0.639s] -- Installing: /home/kyujin/ros2_study/install/my_first_package_msgs/local/lib/python3.10/dist-packages/my_first_package_msgs-0.0.0-py3.10.egg-info/dependency_links.txt
[0.639s] -- Installing: /home/kyujin/ros2_study/install/my_first_package_msgs/local/lib/python3.10/dist-packages/my_first_package_msgs-0.0.0-py3.10.egg-info/SOURCES.txt
[0.640s] -- Up-to-date: /home/kyujin/ros2_study/install/my_first_package_msgs/local/lib/python3.10/dist-packages/my_first_package_msgs
[0.640s] -- Up-to-date: /home/kyujin/ros2_study/install/my_first_package_msgs/local/lib/python3.10/dist-packages/my_first_package_msgs/action
[0.640s] -- Up-to-date: /home/kyujin/ros2_study/install/my_first_package_msgs/local/lib/python3.10/dist-packages/my_first_package_msgs/action/__init__.py
[0.640s] -- Up-to-date: /home/kyujin/ros2_study/install/my_first_package_msgs/local/lib/python3.10/dist-packages/my_first_package_msgs/action/_dist_turtle.py
[0.640s] -- Up-to-date: /home/kyujin/ros2_study/install/my_first_package_msgs/local/lib/python3.10/dist-packages/my_first_package_msgs/action/_dist_turtle_s.c
[0.640s] -- Up-to-date: /home/kyujin/ros2_study/install/my_first_package_msgs/local/lib/python3.10/dist-packages/my_first_package_msgs/_my_first_package_msgs_s.ep.rosidl_typesupport_fastrtps_c.c
[0.640s] -- Up-to-date: /home/kyujin/ros2_study/install/my_first_package_msgs/local/lib/python3.10/dist-packages/my_first_package_msgs/msg
[0.641s] -- Up-to-date: /home/kyujin/ros2_study/install/my_first_package_msgs/local/lib/python3.10/dist-packages/my_first_package_msgs/msg/__init__.py
[0.641s] -- Up-to-date: /home/kyujin/ros2_study/install/my_first_package_msgs/local/lib/python3.10/dist-packages/my_first_package_msgs/msg/_cmd_and_pose_vel_s.c
[0.641s] -- Up-to-date: /home/kyujin/ros2_study/install/my_first_package_msgs/local/lib/python3.10/dist-packages/my_first_package_msgs/msg/_cmd_and_pose_vel.py
[0.641s] -- Up-to-date: /home/kyujin/ros2_study/install/my_first_package_msgs/local/lib/python3.10/dist-packages/my_first_package_msgs/my_first_package_msgs_s__rosidl_typesupport_fastrtps_c.cpython-310-x86_64-linux-gnu.so
[0.641s] -- Up-to-date: /home/kyujin/ros2_study/install/my_first_package_msgs/local/lib/python3.10/dist-packages/my_first_package_msgs/my_first_package_msgs_s__rosidl_typesupport_introspection_c.cpython-310-x86_64-linux-gnu.so
[0.641s] -- Up-to-date: /home/kyujin/ros2_study/install/my_first_package_msgs/local/lib/python3.10/dist-packages/my_first_package_msgs/__init__.py
[0.641s] -- Up-to-date: /home/kyujin/ros2_study/install/my_first_package_msgs/local/lib/python3.10/dist-packages/my_first_package_msgs/_my_first_package_msgs_s.ep.rosidl_typesupport_c.c
[0.641s] -- Up-to-date: /home/kyujin/ros2_study/install/my_first_package_msgs/local/lib/python3.10/dist-packages/my_first_package_msgs/srv
[0.642s] -- Up-to-date: /home/kyujin/ros2_study/install/my_first_package_msgs/local/lib/python3.10/dist-packages/my_first_package_msgs/srv/_multi_spawn.py
[0.642s] -- Up-to-date: /home/kyujin/ros2_study/install/my_first_package_msgs/local/lib/python3.10/dist-packages/my_first_package_msgs/srv/_multi_spawn_s.c
[0.642s] -- Up-to-date: /home/kyujin/ros2_study/install/my_first_package_msgs/local/lib/python3.10/dist-packages/my_first_package_msgs/srv/__init__.py
[0.642s] -- Up-to-date: /home/kyujin/ros2_study/install/my_first_package_msgs/local/lib/python3.10/dist-packages/my_first_package_msgs/_my_first_package_msgs_s.ep.rosidl_typesupport_introspection_c.c
[0.642s] -- Up-to-date: /home/kyujin/ros2_study/install/my_first_package_msgs/local/lib/python3.10/dist-packages/my_first_package_msgs/libmy_first_package_msgs__rosidl_generator_py.so
[0.642s] -- Up-to-date: /home/kyujin/ros2_study/install/my_first_package_msgs/local/lib/python3.10/dist-packages/my_first_package_msgs/my_first_package_msgs_s__rosidl_typesupport_c.cpython-310-x86_64-linux-gnu.so
[0.661s] Listing '/home/kyujin/ros2_study/install/my_first_package_msgs/local/lib/python3.10/dist-packages/my_first_package_msgs'...
[0.661s] Listing '/home/kyujin/ros2_study/install/my_first_package_msgs/local/lib/python3.10/dist-packages/my_first_package_msgs/action'...
[0.661s] Listing '/home/kyujin/ros2_study/install/my_first_package_msgs/local/lib/python3.10/dist-packages/my_first_package_msgs/msg'...
[0.662s] Listing '/home/kyujin/ros2_study/install/my_first_package_msgs/local/lib/python3.10/dist-packages/my_first_package_msgs/srv'...
[0.665s] -- Up-to-date: /home/kyujin/ros2_study/install/my_first_package_msgs/local/lib/python3.10/dist-packages/my_first_package_msgs/my_first_package_msgs_s__rosidl_typesupport_fastrtps_c.cpython-310-x86_64-linux-gnu.so
[0.665s] -- Up-to-date: /home/kyujin/ros2_study/install/my_first_package_msgs/local/lib/python3.10/dist-packages/my_first_package_msgs/my_first_package_msgs_s__rosidl_typesupport_introspection_c.cpython-310-x86_64-linux-gnu.so
[0.666s] -- Up-to-date: /home/kyujin/ros2_study/install/my_first_package_msgs/local/lib/python3.10/dist-packages/my_first_package_msgs/my_first_package_msgs_s__rosidl_typesupport_c.cpython-310-x86_64-linux-gnu.so
[0.666s] -- Up-to-date: /home/kyujin/ros2_study/install/my_first_package_msgs/lib/libmy_first_package_msgs__rosidl_generator_py.so
[0.667s] -- Up-to-date: /home/kyujin/ros2_study/install/my_first_package_msgs/share/my_first_package_msgs/msg/CmdAndPoseVel.idl
[0.667s] -- Up-to-date: /home/kyujin/ros2_study/install/my_first_package_msgs/share/my_first_package_msgs/srv/MultiSpawn.idl
[0.667s] -- Up-to-date: /home/kyujin/ros2_study/install/my_first_package_msgs/share/my_first_package_msgs/action/DistTurtle.idl
[0.667s] -- Up-to-date: /home/kyujin/ros2_study/install/my_first_package_msgs/share/my_first_package_msgs/msg/CmdAndPoseVel.msg
[0.668s] -- Up-to-date: /home/kyujin/ros2_study/install/my_first_package_msgs/share/my_first_package_msgs/srv/MultiSpawn.srv
[0.668s] -- Up-to-date: /home/kyujin/ros2_study/install/my_first_package_msgs/share/my_first_package_msgs/srv/MultiSpawn_Request.msg
[0.668s] -- Up-to-date: /home/kyujin/ros2_study/install/my_first_package_msgs/share/my_first_package_msgs/srv/MultiSpawn_Response.msg
[0.669s] -- Up-to-date: /home/kyujin/ros2_study/install/my_first_package_msgs/share/my_first_package_msgs/action/DistTurtle.action
[0.669s] -- Up-to-date: /home/kyujin/ros2_study/install/my_first_package_msgs/share/ament_index/resource_index/package_run_dependencies/my_first_package_msgs
[0.669s] -- Up-to-date: /home/kyujin/ros2_study/install/my_first_package_msgs/share/ament_index/resource_index/parent_prefix_path/my_first_package_msgs
[0.669s] -- Up-to-date: /home/kyujin/ros2_study/install/my_first_package_msgs/share/my_first_package_msgs/environment/ament_prefix_path.sh
[0.669s] -- Up-to-date: /home/kyujin/ros2_study/install/my_first_package_msgs/share/my_first_package_msgs/environment/ament_prefix_path.dsv
[0.670s] -- Up-to-date: /home/kyujin/ros2_study/install/my_first_package_msgs/share/my_first_package_msgs/environment/path.sh
[0.670s] -- Up-to-date: /home/kyujin/ros2_study/install/my_first_package_msgs/share/my_first_package_msgs/environment/path.dsv
[0.670s] -- Up-to-date: /home/kyujin/ros2_study/install/my_first_package_msgs/share/my_first_package_msgs/local_setup.bash
[0.671s] -- Up-to-date: /home/kyujin/ros2_study/install/my_first_package_msgs/share/my_first_package_msgs/local_setup.sh
[0.671s] -- Up-to-date: /home/kyujin/ros2_study/install/my_first_package_msgs/share/my_first_package_msgs/local_setup.zsh
[0.671s] -- Up-to-date: /home/kyujin/ros2_study/install/my_first_package_msgs/share/my_first_package_msgs/local_setup.dsv
[0.672s] -- Installing: /home/kyujin/ros2_study/install/my_first_package_msgs/share/my_first_package_msgs/package.dsv
[0.672s] -- Up-to-date: /home/kyujin/ros2_study/install/my_first_package_msgs/share/ament_index/resource_index/packages/my_first_package_msgs
[0.672s] -- Up-to-date: /home/kyujin/ros2_study/install/my_first_package_msgs/share/my_first_package_msgs/cmake/export_my_first_package_msgs__rosidl_generator_cExport.cmake
[0.672s] -- Up-to-date: /home/kyujin/ros2_study/install/my_first_package_msgs/share/my_first_package_msgs/cmake/export_my_first_package_msgs__rosidl_generator_cExport-noconfig.cmake
[0.672s] -- Up-to-date: /home/kyujin/ros2_study/install/my_first_package_msgs/share/my_first_package_msgs/cmake/export_my_first_package_msgs__rosidl_typesupport_fastrtps_cExport.cmake
[0.672s] -- Up-to-date: /home/kyujin/ros2_study/install/my_first_package_msgs/share/my_first_package_msgs/cmake/export_my_first_package_msgs__rosidl_typesupport_fastrtps_cExport-noconfig.cmake
[0.672s] -- Up-to-date: /home/kyujin/ros2_study/install/my_first_package_msgs/share/my_first_package_msgs/cmake/my_first_package_msgs__rosidl_typesupport_introspection_cExport.cmake
[0.673s] -- Up-to-date: /home/kyujin/ros2_study/install/my_first_package_msgs/share/my_first_package_msgs/cmake/my_first_package_msgs__rosidl_typesupport_introspection_cExport-noconfig.cmake
[0.673s] -- Up-to-date: /home/kyujin/ros2_study/install/my_first_package_msgs/share/my_first_package_msgs/cmake/my_first_package_msgs__rosidl_typesupport_cExport.cmake
[0.673s] -- Up-to-date: /home/kyujin/ros2_study/install/my_first_package_msgs/share/my_first_package_msgs/cmake/my_first_package_msgs__rosidl_typesupport_cExport-noconfig.cmake
[0.673s] -- Up-to-date: /home/kyujin/ros2_study/install/my_first_package_msgs/share/my_first_package_msgs/cmake/export_my_first_package_msgs__rosidl_generator_cppExport.cmake
[0.673s] -- Up-to-date: /home/kyujin/ros2_study/install/my_first_package_msgs/share/my_first_package_msgs/cmake/export_my_first_package_msgs__rosidl_typesupport_fastrtps_cppExport.cmake
[0.673s] -- Up-to-date: /home/kyujin/ros2_study/install/my_first_package_msgs/share/my_first_package_msgs/cmake/export_my_first_package_msgs__rosidl_typesupport_fastrtps_cppExport-noconfig.cmake
[0.673s] -- Up-to-date: /home/kyujin/ros2_study/install/my_first_package_msgs/share/my_first_package_msgs/cmake/my_first_package_msgs__rosidl_typesupport_introspection_cppExport.cmake
[0.673s] -- Up-to-date: /home/kyujin/ros2_study/install/my_first_package_msgs/share/my_first_package_msgs/cmake/my_first_package_msgs__rosidl_typesupport_introspection_cppExport-noconfig.cmake
[0.674s] -- Up-to-date: /home/kyujin/ros2_study/install/my_first_package_msgs/share/my_first_package_msgs/cmake/my_first_package_msgs__rosidl_typesupport_cppExport.cmake
[0.674s] -- Up-to-date: /home/kyujin/ros2_study/install/my_first_package_msgs/share/my_first_package_msgs/cmake/my_first_package_msgs__rosidl_typesupport_cppExport-noconfig.cmake
[0.675s] -- Up-to-date: /home/kyujin/ros2_study/install/my_first_package_msgs/share/my_first_package_msgs/cmake/export_my_first_package_msgs__rosidl_generator_pyExport.cmake
[0.676s] -- Up-to-date: /home/kyujin/ros2_study/install/my_first_package_msgs/share/my_first_package_msgs/cmake/export_my_first_package_msgs__rosidl_generator_pyExport-noconfig.cmake
[0.676s] -- Up-to-date: /home/kyujin/ros2_study/install/my_first_package_msgs/share/my_first_package_msgs/cmake/rosidl_cmake-extras.cmake
[0.677s] -- Up-to-date: /home/kyujin/ros2_study/install/my_first_package_msgs/share/my_first_package_msgs/cmake/ament_cmake_export_dependencies-extras.cmake
[0.677s] -- Up-to-date: /home/kyujin/ros2_study/install/my_first_package_msgs/share/my_first_package_msgs/cmake/ament_cmake_export_include_directories-extras.cmake
[0.678s] -- Up-to-date: /home/kyujin/ros2_study/install/my_first_package_msgs/share/my_first_package_msgs/cmake/ament_cmake_export_libraries-extras.cmake
[0.679s] -- Up-to-date: /home/kyujin/ros2_study/install/my_first_package_msgs/share/my_first_package_msgs/cmake/ament_cmake_export_targets-extras.cmake
[0.679s] -- Up-to-date: /home/kyujin/ros2_study/install/my_first_package_msgs/share/my_first_package_msgs/cmake/rosidl_cmake_export_typesupport_targets-extras.cmake
[0.680s] -- Up-to-date: /home/kyujin/ros2_study/install/my_first_package_msgs/share/my_first_package_msgs/cmake/rosidl_cmake_export_typesupport_libraries-extras.cmake
[0.680s] -- Up-to-date: /home/kyujin/ros2_study/install/my_first_package_msgs/share/my_first_package_msgs/cmake/my_first_package_msgsConfig.cmake
[0.680s] -- Up-to-date: /home/kyujin/ros2_study/install/my_first_package_msgs/share/my_first_package_msgs/cmake/my_first_package_msgsConfig-version.cmake
[0.682s] -- Up-to-date: /home/kyujin/ros2_study/install/my_first_package_msgs/share/my_first_package_msgs/package.xml
[0.683s] Invoked command in '/home/kyujin/ros2_study/build/my_first_package_msgs' returned '0': CMAKE_PREFIX_PATH=${CMAKE_PREFIX_PATH}:/home/kyujin/ros2_study/install/my_first_package:/opt/ros/humble /usr/bin/cmake --install /home/kyujin/ros2_study/build/my_first_package_msgs
