[0.592s] Invoking command in '/home/kyujin/ros2_study/src/my_first_package': PYTHONPATH=/home/kyujin/ros2_study/build/my_first_package/prefix_override:/usr/lib/python3/dist-packages/colcon_core/task/python/colcon_distutils_commands:/home/kyujin/ros2_study/install/my_first_package/lib/python3.10/site-packages:${PYTHONPATH} /usr/bin/python3 -W ignore:setup.py install is deprecated -W ignore:easy_install command is deprecated setup.py egg_info --egg-base ../../build/my_first_package build --build-base /home/kyujin/ros2_study/build/my_first_package/build install --record /home/kyujin/ros2_study/build/my_first_package/install.log --single-version-externally-managed install_data
[0.816s] running egg_info
[0.817s] writing ../../build/my_first_package/my_first_package.egg-info/PKG-INFO
[0.817s] writing dependency_links to ../../build/my_first_package/my_first_package.egg-info/dependency_links.txt
[0.817s] writing entry points to ../../build/my_first_package/my_first_package.egg-info/entry_points.txt
[0.817s] writing requirements to ../../build/my_first_package/my_first_package.egg-info/requires.txt
[0.818s] writing top-level names to ../../build/my_first_package/my_first_package.egg-info/top_level.txt
[0.819s] reading manifest file '../../build/my_first_package/my_first_package.egg-info/SOURCES.txt'
[0.820s] writing manifest file '../../build/my_first_package/my_first_package.egg-info/SOURCES.txt'
[0.820s] running build
[0.820s] running build_py
[0.821s] copying my_first_package/my_service_server.py -> /home/kyujin/ros2_study/build/my_first_package/build/lib/my_first_package
[0.821s] running install
[0.821s] running install_lib
[0.822s] copying /home/kyujin/ros2_study/build/my_first_package/build/lib/my_first_package/my_service_server.py -> /home/kyujin/ros2_study/install/my_first_package/lib/python3.10/site-packages/my_first_package
[0.822s] byte-compiling /home/kyujin/ros2_study/install/my_first_package/lib/python3.10/site-packages/my_first_package/my_service_server.py to my_service_server.cpython-310.pyc
[0.823s] running install_data
[0.823s] running install_egg_info
[0.824s] removing '/home/kyujin/ros2_study/install/my_first_package/lib/python3.10/site-packages/my_first_package-0.0.0-py3.10.egg-info' (and everything under it)
[0.825s] Copying ../../build/my_first_package/my_first_package.egg-info to /home/kyujin/ros2_study/install/my_first_package/lib/python3.10/site-packages/my_first_package-0.0.0-py3.10.egg-info
[0.826s] running install_scripts
[0.844s] Installing my_first_node script to /home/kyujin/ros2_study/install/my_first_package/lib/my_first_package
[0.844s] Installing my_publisher script to /home/kyujin/ros2_study/install/my_first_package/lib/my_first_package
[0.844s] Installing my_service_server script to /home/kyujin/ros2_study/install/my_first_package/lib/my_first_package
[0.845s] Installing my_subscriber script to /home/kyujin/ros2_study/install/my_first_package/lib/my_first_package
[0.845s] Installing turtle_cmd_and_pose script to /home/kyujin/ros2_study/install/my_first_package/lib/my_first_package
[0.845s] writing list of installed files to '/home/kyujin/ros2_study/build/my_first_package/install.log'
[0.867s] Invoked command in '/home/kyujin/ros2_study/src/my_first_package' returned '0': PYTHONPATH=/home/kyujin/ros2_study/build/my_first_package/prefix_override:/usr/lib/python3/dist-packages/colcon_core/task/python/colcon_distutils_commands:/home/kyujin/ros2_study/install/my_first_package/lib/python3.10/site-packages:${PYTHONPATH} /usr/bin/python3 -W ignore:setup.py install is deprecated -W ignore:easy_install command is deprecated setup.py egg_info --egg-base ../../build/my_first_package build --build-base /home/kyujin/ros2_study/build/my_first_package/build install --record /home/kyujin/ros2_study/build/my_first_package/install.log --single-version-externally-managed install_data
